{"C:\\Users\\Manas\\Desktop\\Btech\\web pr\\shopnrock\\client\\src\\App.js": {"path":"C:\\Users\\Manas\\Desktop\\Btech\\web pr\\shopnrock\\client\\src\\App.js","statementMap":{"0":{"start":{"line":11,"column":17},"end":{"line":11,"column":73}},"1":{"start":{"line":11,"column":27},"end":{"line":11,"column":72}},"2":{"start":{"line":12,"column":17},"end":{"line":12,"column":73}},"3":{"start":{"line":12,"column":26},"end":{"line":12,"column":72}},"4":{"start":{"line":13,"column":15},"end":{"line":13,"column":64}},"5":{"start":{"line":13,"column":24},"end":{"line":13,"column":63}},"6":{"start":{"line":14,"column":18},"end":{"line":14,"column":73}},"7":{"start":{"line":14,"column":27},"end":{"line":14,"column":72}},"8":{"start":{"line":16,"column":12},"end":{"line":38,"column":1}},"9":{"start":{"line":17,"column":2},"end":{"line":19,"column":23}},"10":{"start":{"line":18,"column":4},"end":{"line":18,"column":23}},"11":{"start":{"line":21,"column":4},"end":{"line":36,"column":6}},"12":{"start":{"line":30,"column":48},"end":{"line":31,"column":56}},"13":{"start":{"line":39,"column":25},"end":{"line":42,"column":2}},"14":{"start":{"line":43,"column":27},"end":{"line":45,"column":2}},"15":{"start":{"line":43,"column":40},"end":{"line":45,"column":1}},"16":{"start":{"line":44,"column":26},"end":{"line":44,"column":54}}},"fnMap":{"0":{"name":"(anonymous_0)","decl":{"start":{"line":11,"column":22},"end":{"line":11,"column":23}},"loc":{"start":{"line":11,"column":27},"end":{"line":11,"column":72}},"line":11},"1":{"name":"(anonymous_1)","decl":{"start":{"line":12,"column":22},"end":{"line":12,"column":23}},"loc":{"start":{"line":12,"column":26},"end":{"line":12,"column":72}},"line":12},"2":{"name":"(anonymous_2)","decl":{"start":{"line":13,"column":20},"end":{"line":13,"column":21}},"loc":{"start":{"line":13,"column":24},"end":{"line":13,"column":63}},"line":13},"3":{"name":"(anonymous_3)","decl":{"start":{"line":14,"column":23},"end":{"line":14,"column":24}},"loc":{"start":{"line":14,"column":27},"end":{"line":14,"column":72}},"line":14},"4":{"name":"(anonymous_4)","decl":{"start":{"line":16,"column":12},"end":{"line":16,"column":13}},"loc":{"start":{"line":16,"column":48},"end":{"line":38,"column":1}},"line":16},"5":{"name":"(anonymous_5)","decl":{"start":{"line":17,"column":12},"end":{"line":17,"column":13}},"loc":{"start":{"line":17,"column":16},"end":{"line":19,"column":3}},"line":17},"6":{"name":"(anonymous_6)","decl":{"start":{"line":30,"column":44},"end":{"line":30,"column":45}},"loc":{"start":{"line":30,"column":48},"end":{"line":31,"column":56}},"line":30},"7":{"name":"(anonymous_7)","decl":{"start":{"line":43,"column":27},"end":{"line":43,"column":28}},"loc":{"start":{"line":43,"column":40},"end":{"line":45,"column":1}},"line":43},"8":{"name":"(anonymous_8)","decl":{"start":{"line":44,"column":20},"end":{"line":44,"column":21}},"loc":{"start":{"line":44,"column":26},"end":{"line":44,"column":54}},"line":44}},"branchMap":{"0":{"loc":{"start":{"line":30,"column":48},"end":{"line":31,"column":56}},"type":"cond-expr","locations":[{"start":{"line":31,"column":8},"end":{"line":31,"column":36}},{"start":{"line":31,"column":41},"end":{"line":31,"column":56}}],"line":30}},"s":{"0":0,"1":0,"2":0,"3":0,"4":0,"5":0,"6":0,"7":0,"8":0,"9":0,"10":0,"11":0,"12":0,"13":0,"14":0,"15":0,"16":0},"f":{"0":0,"1":0,"2":0,"3":0,"4":0,"5":0,"6":0,"7":0,"8":0},"b":{"0":[0,0]}}
,"C:\\Users\\Manas\\Desktop\\Btech\\web pr\\shopnrock\\client\\src\\index.js": {"path":"C:\\Users\\Manas\\Desktop\\Btech\\web pr\\shopnrock\\client\\src\\index.js","statementMap":{"0":{"start":{"line":11,"column":0},"end":{"line":25,"column":2}},"1":{"start":{"line":31,"column":0},"end":{"line":31,"column":18}},"2":{"start":{"line":33,"column":0},"end":{"line":33,"column":25}}},"fnMap":{},"branchMap":{},"s":{"0":0,"1":0,"2":0},"f":{},"b":{}}
,"C:\\Users\\Manas\\Desktop\\Btech\\web pr\\shopnrock\\client\\src\\reportWebVitals.js": {"path":"C:\\Users\\Manas\\Desktop\\Btech\\web pr\\shopnrock\\client\\src\\reportWebVitals.js","statementMap":{"0":{"start":{"line":1,"column":24},"end":{"line":11,"column":1}},"1":{"start":{"line":2,"column":2},"end":{"line":10,"column":3}},"2":{"start":{"line":3,"column":4},"end":{"line":9,"column":7}},"3":{"start":{"line":4,"column":6},"end":{"line":4,"column":26}},"4":{"start":{"line":5,"column":6},"end":{"line":5,"column":26}},"5":{"start":{"line":6,"column":6},"end":{"line":6,"column":26}},"6":{"start":{"line":7,"column":6},"end":{"line":7,"column":26}},"7":{"start":{"line":8,"column":6},"end":{"line":8,"column":27}}},"fnMap":{"0":{"name":"(anonymous_0)","decl":{"start":{"line":1,"column":24},"end":{"line":1,"column":25}},"loc":{"start":{"line":1,"column":39},"end":{"line":11,"column":1}},"line":1},"1":{"name":"(anonymous_1)","decl":{"start":{"line":3,"column":30},"end":{"line":3,"column":31}},"loc":{"start":{"line":3,"column":79},"end":{"line":9,"column":5}},"line":3}},"branchMap":{"0":{"loc":{"start":{"line":2,"column":2},"end":{"line":10,"column":3}},"type":"if","locations":[{"start":{"line":2,"column":2},"end":{"line":10,"column":3}},{"start":{"line":2,"column":2},"end":{"line":10,"column":3}}],"line":2},"1":{"loc":{"start":{"line":2,"column":6},"end":{"line":2,"column":52}},"type":"binary-expr","locations":[{"start":{"line":2,"column":6},"end":{"line":2,"column":17}},{"start":{"line":2,"column":21},"end":{"line":2,"column":52}}],"line":2}},"s":{"0":0,"1":0,"2":0,"3":0,"4":0,"5":0,"6":0,"7":0},"f":{"0":0,"1":0},"b":{"0":[0,0],"1":[0,0]}}
,"C:\\Users\\Manas\\Desktop\\Btech\\web pr\\shopnrock\\client\\src\\serviceWorker.js": {"path":"C:\\Users\\Manas\\Desktop\\Btech\\web pr\\shopnrock\\client\\src\\serviceWorker.js","statementMap":{"0":{"start":{"line":14,"column":20},"end":{"line":22,"column":1}},"1":{"start":{"line":25,"column":2},"end":{"line":55,"column":3}},"2":{"start":{"line":27,"column":22},"end":{"line":27,"column":75}},"3":{"start":{"line":28,"column":4},"end":{"line":33,"column":5}},"4":{"start":{"line":32,"column":6},"end":{"line":32,"column":13}},"5":{"start":{"line":35,"column":4},"end":{"line":54,"column":7}},"6":{"start":{"line":36,"column":20},"end":{"line":36,"column":65}},"7":{"start":{"line":38,"column":6},"end":{"line":53,"column":7}},"8":{"start":{"line":40,"column":8},"end":{"line":40,"column":47}},"9":{"start":{"line":44,"column":8},"end":{"line":49,"column":11}},"10":{"start":{"line":45,"column":10},"end":{"line":48,"column":12}},"11":{"start":{"line":52,"column":8},"end":{"line":52,"column":39}},"12":{"start":{"line":59,"column":2},"end":{"line":99,"column":7}},"13":{"start":{"line":62,"column":6},"end":{"line":95,"column":8}},"14":{"start":{"line":63,"column":33},"end":{"line":63,"column":56}},"15":{"start":{"line":64,"column":8},"end":{"line":66,"column":9}},"16":{"start":{"line":65,"column":10},"end":{"line":65,"column":17}},"17":{"start":{"line":67,"column":8},"end":{"line":94,"column":10}},"18":{"start":{"line":68,"column":10},"end":{"line":93,"column":11}},"19":{"start":{"line":69,"column":12},"end":{"line":92,"column":13}},"20":{"start":{"line":73,"column":14},"end":{"line":76,"column":16}},"21":{"start":{"line":79,"column":14},"end":{"line":81,"column":15}},"22":{"start":{"line":80,"column":16},"end":{"line":80,"column":46}},"23":{"start":{"line":86,"column":14},"end":{"line":86,"column":64}},"24":{"start":{"line":89,"column":14},"end":{"line":91,"column":15}},"25":{"start":{"line":90,"column":16},"end":{"line":90,"column":47}},"26":{"start":{"line":98,"column":6},"end":{"line":98,"column":72}},"27":{"start":{"line":104,"column":2},"end":{"line":127,"column":7}},"28":{"start":{"line":107,"column":26},"end":{"line":107,"column":62}},"29":{"start":{"line":108,"column":6},"end":{"line":121,"column":7}},"30":{"start":{"line":113,"column":8},"end":{"line":117,"column":11}},"31":{"start":{"line":114,"column":10},"end":{"line":116,"column":13}},"32":{"start":{"line":115,"column":12},"end":{"line":115,"column":37}},"33":{"start":{"line":120,"column":8},"end":{"line":120,"column":39}},"34":{"start":{"line":124,"column":6},"end":{"line":126,"column":8}},"35":{"start":{"line":131,"column":2},"end":{"line":135,"column":3}},"36":{"start":{"line":132,"column":4},"end":{"line":134,"column":7}},"37":{"start":{"line":133,"column":6},"end":{"line":133,"column":32}}},"fnMap":{"0":{"name":"register","decl":{"start":{"line":24,"column":16},"end":{"line":24,"column":24}},"loc":{"start":{"line":24,"column":33},"end":{"line":56,"column":1}},"line":24},"1":{"name":"(anonymous_1)","decl":{"start":{"line":35,"column":36},"end":{"line":35,"column":37}},"loc":{"start":{"line":35,"column":42},"end":{"line":54,"column":5}},"line":35},"2":{"name":"(anonymous_2)","decl":{"start":{"line":44,"column":43},"end":{"line":44,"column":44}},"loc":{"start":{"line":44,"column":49},"end":{"line":49,"column":9}},"line":44},"3":{"name":"registerValidSW","decl":{"start":{"line":58,"column":9},"end":{"line":58,"column":24}},"loc":{"start":{"line":58,"column":40},"end":{"line":100,"column":1}},"line":58},"4":{"name":"(anonymous_4)","decl":{"start":{"line":61,"column":10},"end":{"line":61,"column":11}},"loc":{"start":{"line":61,"column":26},"end":{"line":96,"column":5}},"line":61},"5":{"name":"(anonymous_5)","decl":{"start":{"line":62,"column":35},"end":{"line":62,"column":36}},"loc":{"start":{"line":62,"column":41},"end":{"line":95,"column":7}},"line":62},"6":{"name":"(anonymous_6)","decl":{"start":{"line":67,"column":41},"end":{"line":67,"column":42}},"loc":{"start":{"line":67,"column":47},"end":{"line":94,"column":9}},"line":67},"7":{"name":"(anonymous_7)","decl":{"start":{"line":97,"column":11},"end":{"line":97,"column":12}},"loc":{"start":{"line":97,"column":20},"end":{"line":99,"column":5}},"line":97},"8":{"name":"checkValidServiceWorker","decl":{"start":{"line":102,"column":9},"end":{"line":102,"column":32}},"loc":{"start":{"line":102,"column":48},"end":{"line":128,"column":1}},"line":102},"9":{"name":"(anonymous_9)","decl":{"start":{"line":105,"column":10},"end":{"line":105,"column":11}},"loc":{"start":{"line":105,"column":22},"end":{"line":122,"column":5}},"line":105},"10":{"name":"(anonymous_10)","decl":{"start":{"line":113,"column":43},"end":{"line":113,"column":44}},"loc":{"start":{"line":113,"column":59},"end":{"line":117,"column":9}},"line":113},"11":{"name":"(anonymous_11)","decl":{"start":{"line":114,"column":41},"end":{"line":114,"column":42}},"loc":{"start":{"line":114,"column":47},"end":{"line":116,"column":11}},"line":114},"12":{"name":"(anonymous_12)","decl":{"start":{"line":123,"column":11},"end":{"line":123,"column":12}},"loc":{"start":{"line":123,"column":17},"end":{"line":127,"column":5}},"line":123},"13":{"name":"unregister","decl":{"start":{"line":130,"column":16},"end":{"line":130,"column":26}},"loc":{"start":{"line":130,"column":29},"end":{"line":136,"column":1}},"line":130},"14":{"name":"(anonymous_14)","decl":{"start":{"line":132,"column":39},"end":{"line":132,"column":40}},"loc":{"start":{"line":132,"column":55},"end":{"line":134,"column":5}},"line":132}},"branchMap":{"0":{"loc":{"start":{"line":15,"column":2},"end":{"line":21,"column":5}},"type":"binary-expr","locations":[{"start":{"line":15,"column":2},"end":{"line":15,"column":42}},{"start":{"line":17,"column":4},"end":{"line":17,"column":40}},{"start":{"line":19,"column":4},"end":{"line":21,"column":5}}],"line":15},"1":{"loc":{"start":{"line":25,"column":2},"end":{"line":55,"column":3}},"type":"if","locations":[{"start":{"line":25,"column":2},"end":{"line":55,"column":3}},{"start":{"line":25,"column":2},"end":{"line":55,"column":3}}],"line":25},"2":{"loc":{"start":{"line":25,"column":6},"end":{"line":25,"column":75}},"type":"binary-expr","locations":[{"start":{"line":25,"column":6},"end":{"line":25,"column":43}},{"start":{"line":25,"column":47},"end":{"line":25,"column":75}}],"line":25},"3":{"loc":{"start":{"line":28,"column":4},"end":{"line":33,"column":5}},"type":"if","locations":[{"start":{"line":28,"column":4},"end":{"line":33,"column":5}},{"start":{"line":28,"column":4},"end":{"line":33,"column":5}}],"line":28},"4":{"loc":{"start":{"line":38,"column":6},"end":{"line":53,"column":7}},"type":"if","locations":[{"start":{"line":38,"column":6},"end":{"line":53,"column":7}},{"start":{"line":38,"column":6},"end":{"line":53,"column":7}}],"line":38},"5":{"loc":{"start":{"line":64,"column":8},"end":{"line":66,"column":9}},"type":"if","locations":[{"start":{"line":64,"column":8},"end":{"line":66,"column":9}},{"start":{"line":64,"column":8},"end":{"line":66,"column":9}}],"line":64},"6":{"loc":{"start":{"line":68,"column":10},"end":{"line":93,"column":11}},"type":"if","locations":[{"start":{"line":68,"column":10},"end":{"line":93,"column":11}},{"start":{"line":68,"column":10},"end":{"line":93,"column":11}}],"line":68},"7":{"loc":{"start":{"line":69,"column":12},"end":{"line":92,"column":13}},"type":"if","locations":[{"start":{"line":69,"column":12},"end":{"line":92,"column":13}},{"start":{"line":69,"column":12},"end":{"line":92,"column":13}}],"line":69},"8":{"loc":{"start":{"line":79,"column":14},"end":{"line":81,"column":15}},"type":"if","locations":[{"start":{"line":79,"column":14},"end":{"line":81,"column":15}},{"start":{"line":79,"column":14},"end":{"line":81,"column":15}}],"line":79},"9":{"loc":{"start":{"line":79,"column":18},"end":{"line":79,"column":43}},"type":"binary-expr","locations":[{"start":{"line":79,"column":18},"end":{"line":79,"column":24}},{"start":{"line":79,"column":28},"end":{"line":79,"column":43}}],"line":79},"10":{"loc":{"start":{"line":89,"column":14},"end":{"line":91,"column":15}},"type":"if","locations":[{"start":{"line":89,"column":14},"end":{"line":91,"column":15}},{"start":{"line":89,"column":14},"end":{"line":91,"column":15}}],"line":89},"11":{"loc":{"start":{"line":89,"column":18},"end":{"line":89,"column":44}},"type":"binary-expr","locations":[{"start":{"line":89,"column":18},"end":{"line":89,"column":24}},{"start":{"line":89,"column":28},"end":{"line":89,"column":44}}],"line":89},"12":{"loc":{"start":{"line":108,"column":6},"end":{"line":121,"column":7}},"type":"if","locations":[{"start":{"line":108,"column":6},"end":{"line":121,"column":7}},{"start":{"line":108,"column":6},"end":{"line":121,"column":7}}],"line":108},"13":{"loc":{"start":{"line":109,"column":8},"end":{"line":110,"column":73}},"type":"binary-expr","locations":[{"start":{"line":109,"column":8},"end":{"line":109,"column":31}},{"start":{"line":110,"column":9},"end":{"line":110,"column":28}},{"start":{"line":110,"column":32},"end":{"line":110,"column":72}}],"line":109},"14":{"loc":{"start":{"line":131,"column":2},"end":{"line":135,"column":3}},"type":"if","locations":[{"start":{"line":131,"column":2},"end":{"line":135,"column":3}},{"start":{"line":131,"column":2},"end":{"line":135,"column":3}}],"line":131}},"s":{"0":0,"1":0,"2":0,"3":0,"4":0,"5":0,"6":0,"7":0,"8":0,"9":0,"10":0,"11":0,"12":0,"13":0,"14":0,"15":0,"16":0,"17":0,"18":0,"19":0,"20":0,"21":0,"22":0,"23":0,"24":0,"25":0,"26":0,"27":0,"28":0,"29":0,"30":0,"31":0,"32":0,"33":0,"34":0,"35":0,"36":0,"37":0},"f":{"0":0,"1":0,"2":0,"3":0,"4":0,"5":0,"6":0,"7":0,"8":0,"9":0,"10":0,"11":0,"12":0,"13":0,"14":0},"b":{"0":[0,0,0],"1":[0,0],"2":[0,0],"3":[0,0],"4":[0,0],"5":[0,0],"6":[0,0],"7":[0,0],"8":[0,0],"9":[0,0],"10":[0,0],"11":[0,0],"12":[0,0],"13":[0,0,0],"14":[0,0]}}
,"C:\\Users\\Manas\\Desktop\\Btech\\web pr\\shopnrock\\client\\src\\FireBase\\firebase.utils.js": {"path":"C:\\Users\\Manas\\Desktop\\Btech\\web pr\\shopnrock\\client\\src\\FireBase\\firebase.utils.js","statementMap":{"0":{"start":{"line":4,"column":15},"end":{"line":12,"column":1}},"1":{"start":{"line":13,"column":0},"end":{"line":13,"column":31}},"2":{"start":{"line":14,"column":20},"end":{"line":14,"column":35}},"3":{"start":{"line":15,"column":25},"end":{"line":15,"column":45}},"4":{"start":{"line":17,"column":22},"end":{"line":17,"column":60}},"5":{"start":{"line":18,"column":0},"end":{"line":18,"column":56}},"6":{"start":{"line":19,"column":27},"end":{"line":19,"column":63}},"7":{"start":{"line":19,"column":33},"end":{"line":19,"column":63}},"8":{"start":{"line":21,"column":30},"end":{"line":28,"column":1}},"9":{"start":{"line":22,"column":4},"end":{"line":27,"column":7}},"10":{"start":{"line":23,"column":28},"end":{"line":26,"column":17}},"11":{"start":{"line":24,"column":12},"end":{"line":24,"column":26}},"12":{"start":{"line":25,"column":12},"end":{"line":25,"column":30}},"13":{"start":{"line":30,"column":29},"end":{"line":48,"column":1}},"14":{"start":{"line":31,"column":4},"end":{"line":31,"column":25}},"15":{"start":{"line":31,"column":18},"end":{"line":31,"column":25}},"16":{"start":{"line":32,"column":19},"end":{"line":32,"column":57}},"17":{"start":{"line":33,"column":15},"end":{"line":33,"column":34}},"18":{"start":{"line":34,"column":4},"end":{"line":46,"column":5}},"19":{"start":{"line":35,"column":35},"end":{"line":35,"column":43}},"20":{"start":{"line":36,"column":8},"end":{"line":45,"column":9}},"21":{"start":{"line":37,"column":12},"end":{"line":41,"column":15}},"22":{"start":{"line":44,"column":12},"end":{"line":44,"column":27}},"23":{"start":{"line":47,"column":4},"end":{"line":47,"column":19}},"24":{"start":{"line":50,"column":37},"end":{"line":58,"column":1}},"25":{"start":{"line":51,"column":18},"end":{"line":51,"column":48}},"26":{"start":{"line":52,"column":16},"end":{"line":52,"column":33}},"27":{"start":{"line":53,"column":4},"end":{"line":56,"column":7}},"28":{"start":{"line":54,"column":24},"end":{"line":54,"column":37}},"29":{"start":{"line":55,"column":8},"end":{"line":55,"column":33}},"30":{"start":{"line":57,"column":4},"end":{"line":57,"column":32}},"31":{"start":{"line":60,"column":30},"end":{"line":71,"column":3}},"32":{"start":{"line":61,"column":21},"end":{"line":61,"column":80}},"33":{"start":{"line":62,"column":21},"end":{"line":62,"column":41}},"34":{"start":{"line":64,"column":4},"end":{"line":70,"column":5}},"35":{"start":{"line":65,"column":25},"end":{"line":65,"column":60}},"36":{"start":{"line":66,"column":6},"end":{"line":66,"column":54}},"37":{"start":{"line":67,"column":6},"end":{"line":67,"column":24}},"38":{"start":{"line":69,"column":6},"end":{"line":69,"column":34}},"39":{"start":{"line":73,"column":35},"end":{"line":86,"column":1}},"40":{"start":{"line":74,"column":28},"end":{"line":83,"column":5}},"41":{"start":{"line":76,"column":33},"end":{"line":76,"column":43}},"42":{"start":{"line":77,"column":12},"end":{"line":81,"column":14}},"43":{"start":{"line":85,"column":4},"end":{"line":85,"column":101}},"44":{"start":{"line":85,"column":49},"end":{"line":85,"column":84}},"45":{"start":{"line":85,"column":85},"end":{"line":85,"column":95}}},"fnMap":{"0":{"name":"(anonymous_0)","decl":{"start":{"line":19,"column":27},"end":{"line":19,"column":28}},"loc":{"start":{"line":19,"column":33},"end":{"line":19,"column":63}},"line":19},"1":{"name":"(anonymous_1)","decl":{"start":{"line":21,"column":30},"end":{"line":21,"column":31}},"loc":{"start":{"line":21,"column":36},"end":{"line":28,"column":1}},"line":21},"2":{"name":"(anonymous_2)","decl":{"start":{"line":22,"column":23},"end":{"line":22,"column":24}},"loc":{"start":{"line":22,"column":41},"end":{"line":27,"column":5}},"line":22},"3":{"name":"(anonymous_3)","decl":{"start":{"line":23,"column":52},"end":{"line":23,"column":53}},"loc":{"start":{"line":23,"column":64},"end":{"line":26,"column":9}},"line":23},"4":{"name":"(anonymous_4)","decl":{"start":{"line":30,"column":29},"end":{"line":30,"column":30}},"loc":{"start":{"line":30,"column":57},"end":{"line":48,"column":1}},"line":30},"5":{"name":"(anonymous_5)","decl":{"start":{"line":50,"column":37},"end":{"line":50,"column":38}},"loc":{"start":{"line":50,"column":69},"end":{"line":58,"column":1}},"line":50},"6":{"name":"(anonymous_6)","decl":{"start":{"line":53,"column":24},"end":{"line":53,"column":25}},"loc":{"start":{"line":53,"column":31},"end":{"line":56,"column":5}},"line":53},"7":{"name":"(anonymous_7)","decl":{"start":{"line":60,"column":30},"end":{"line":60,"column":31}},"loc":{"start":{"line":60,"column":46},"end":{"line":71,"column":3}},"line":60},"8":{"name":"(anonymous_8)","decl":{"start":{"line":73,"column":35},"end":{"line":73,"column":36}},"loc":{"start":{"line":73,"column":50},"end":{"line":86,"column":1}},"line":73},"9":{"name":"(anonymous_9)","decl":{"start":{"line":75,"column":8},"end":{"line":75,"column":9}},"loc":{"start":{"line":75,"column":14},"end":{"line":82,"column":9}},"line":75},"10":{"name":"(anonymous_10)","decl":{"start":{"line":85,"column":34},"end":{"line":85,"column":35}},"loc":{"start":{"line":85,"column":48},"end":{"line":85,"column":96}},"line":85}},"branchMap":{"0":{"loc":{"start":{"line":31,"column":4},"end":{"line":31,"column":25}},"type":"if","locations":[{"start":{"line":31,"column":4},"end":{"line":31,"column":25}},{"start":{"line":31,"column":4},"end":{"line":31,"column":25}}],"line":31},"1":{"loc":{"start":{"line":34,"column":4},"end":{"line":46,"column":5}},"type":"if","locations":[{"start":{"line":34,"column":4},"end":{"line":46,"column":5}},{"start":{"line":34,"column":4},"end":{"line":46,"column":5}}],"line":34},"2":{"loc":{"start":{"line":64,"column":4},"end":{"line":70,"column":5}},"type":"if","locations":[{"start":{"line":64,"column":4},"end":{"line":70,"column":5}},{"start":{"line":64,"column":4},"end":{"line":70,"column":5}}],"line":64}},"s":{"0":4,"1":4,"2":4,"3":4,"4":4,"5":4,"6":4,"7":0,"8":4,"9":3,"10":3,"11":3,"12":3,"13":4,"14":0,"15":0,"16":0,"17":0,"18":0,"19":0,"20":0,"21":0,"22":0,"23":0,"24":4,"25":0,"26":0,"27":0,"28":0,"29":0,"30":0,"31":4,"32":0,"33":0,"34":0,"35":0,"36":0,"37":0,"38":0,"39":4,"40":0,"41":0,"42":0,"43":0,"44":0,"45":0},"f":{"0":0,"1":3,"2":3,"3":3,"4":0,"5":0,"6":0,"7":0,"8":0,"9":0,"10":0},"b":{"0":[0,0],"1":[0,0],"2":[0,0]},"_coverageSchema":"1a1c01bbd47fc00a2c39e90264f33305004495a9","hash":"b6c7c5218f307187253e3d41a4a208b0cac1350f"}
,"C:\\Users\\Manas\\Desktop\\Btech\\web pr\\shopnrock\\client\\src\\Redux\\root-reducer.js": {"path":"C:\\Users\\Manas\\Desktop\\Btech\\web pr\\shopnrock\\client\\src\\Redux\\root-reducer.js","statementMap":{"0":{"start":{"line":8,"column":22},"end":{"line":12,"column":1}},"1":{"start":{"line":14,"column":20},"end":{"line":19,"column":2}}},"fnMap":{},"branchMap":{},"s":{"0":0,"1":0},"f":{},"b":{}}
,"C:\\Users\\Manas\\Desktop\\Btech\\web pr\\shopnrock\\client\\src\\Redux\\root.saga.js": {"path":"C:\\Users\\Manas\\Desktop\\Btech\\web pr\\shopnrock\\client\\src\\Redux\\root.saga.js","statementMap":{"0":{"start":{"line":6,"column":4},"end":{"line":6,"column":70}}},"fnMap":{"0":{"name":"rootSaga","decl":{"start":{"line":5,"column":25},"end":{"line":5,"column":33}},"loc":{"start":{"line":5,"column":35},"end":{"line":7,"column":1}},"line":5}},"branchMap":{},"s":{"0":0},"f":{"0":0},"b":{}}
,"C:\\Users\\Manas\\Desktop\\Btech\\web pr\\shopnrock\\client\\src\\Redux\\store.js": {"path":"C:\\Users\\Manas\\Desktop\\Btech\\web pr\\shopnrock\\client\\src\\Redux\\store.js","statementMap":{"0":{"start":{"line":8,"column":17},"end":{"line":8,"column":39}},"1":{"start":{"line":9,"column":18},"end":{"line":9,"column":37}},"2":{"start":{"line":11,"column":21},"end":{"line":11,"column":77}},"3":{"start":{"line":12,"column":0},"end":{"line":12,"column":25}},"4":{"start":{"line":13,"column":25},"end":{"line":13,"column":44}}},"fnMap":{},"branchMap":{},"s":{"0":0,"1":0,"2":0,"3":0,"4":0},"f":{},"b":{}}
,"C:\\Users\\Manas\\Desktop\\Btech\\web pr\\shopnrock\\client\\src\\Redux\\Cart\\cart.actions.js": {"path":"C:\\Users\\Manas\\Desktop\\Btech\\web pr\\shopnrock\\client\\src\\Redux\\Cart\\cart.actions.js","statementMap":{"0":{"start":{"line":3,"column":32},"end":{"line":5,"column":2}},"1":{"start":{"line":3,"column":39},"end":{"line":5,"column":1}},"2":{"start":{"line":7,"column":23},"end":{"line":10,"column":2}},"3":{"start":{"line":7,"column":32},"end":{"line":10,"column":1}},"4":{"start":{"line":12,"column":25},"end":{"line":15,"column":2}},"5":{"start":{"line":12,"column":34},"end":{"line":15,"column":1}},"6":{"start":{"line":17,"column":26},"end":{"line":20,"column":2}},"7":{"start":{"line":17,"column":35},"end":{"line":20,"column":1}},"8":{"start":{"line":22,"column":25},"end":{"line":25,"column":2}},"9":{"start":{"line":22,"column":32},"end":{"line":25,"column":1}},"10":{"start":{"line":27,"column":26},"end":{"line":30,"column":2}},"11":{"start":{"line":27,"column":42},"end":{"line":30,"column":1}},"12":{"start":{"line":32,"column":26},"end":{"line":34,"column":2}},"13":{"start":{"line":32,"column":33},"end":{"line":34,"column":1}}},"fnMap":{"0":{"name":"(anonymous_0)","decl":{"start":{"line":3,"column":32},"end":{"line":3,"column":33}},"loc":{"start":{"line":3,"column":39},"end":{"line":5,"column":1}},"line":3},"1":{"name":"(anonymous_1)","decl":{"start":{"line":7,"column":23},"end":{"line":7,"column":24}},"loc":{"start":{"line":7,"column":32},"end":{"line":10,"column":1}},"line":7},"2":{"name":"(anonymous_2)","decl":{"start":{"line":12,"column":25},"end":{"line":12,"column":26}},"loc":{"start":{"line":12,"column":34},"end":{"line":15,"column":1}},"line":12},"3":{"name":"(anonymous_3)","decl":{"start":{"line":17,"column":26},"end":{"line":17,"column":27}},"loc":{"start":{"line":17,"column":35},"end":{"line":20,"column":1}},"line":17},"4":{"name":"(anonymous_4)","decl":{"start":{"line":22,"column":25},"end":{"line":22,"column":26}},"loc":{"start":{"line":22,"column":32},"end":{"line":25,"column":1}},"line":22},"5":{"name":"(anonymous_5)","decl":{"start":{"line":27,"column":26},"end":{"line":27,"column":27}},"loc":{"start":{"line":27,"column":42},"end":{"line":30,"column":1}},"line":27},"6":{"name":"(anonymous_6)","decl":{"start":{"line":32,"column":26},"end":{"line":32,"column":27}},"loc":{"start":{"line":32,"column":33},"end":{"line":34,"column":1}},"line":32}},"branchMap":{},"s":{"0":2,"1":1,"2":2,"3":1,"4":2,"5":1,"6":2,"7":1,"8":2,"9":3,"10":2,"11":0,"12":2,"13":0},"f":{"0":1,"1":1,"2":1,"3":1,"4":3,"5":0,"6":0},"b":{},"_coverageSchema":"1a1c01bbd47fc00a2c39e90264f33305004495a9","hash":"b64c857d12f5f0eb367419709446bc0f5010a4de"}
,"C:\\Users\\Manas\\Desktop\\Btech\\web pr\\shopnrock\\client\\src\\Redux\\Cart\\cart.reducer.js": {"path":"C:\\Users\\Manas\\Desktop\\Btech\\web pr\\shopnrock\\client\\src\\Redux\\Cart\\cart.reducer.js","statementMap":{"0":{"start":{"line":3,"column":21},"end":{"line":6,"column":1}},"1":{"start":{"line":8,"column":21},"end":{"line":47,"column":2}},"2":{"start":{"line":9,"column":5},"end":{"line":46,"column":6}},"3":{"start":{"line":11,"column":13},"end":{"line":14,"column":15}},"4":{"start":{"line":16,"column":12},"end":{"line":20,"column":14}},"5":{"start":{"line":23,"column":12},"end":{"line":26,"column":14}},"6":{"start":{"line":29,"column":12},"end":{"line":32,"column":14}},"7":{"start":{"line":31,"column":57},"end":{"line":31,"column":86}},"8":{"start":{"line":35,"column":12},"end":{"line":38,"column":14}},"9":{"start":{"line":41,"column":12},"end":{"line":44,"column":14}},"10":{"start":{"line":45,"column":17},"end":{"line":45,"column":30}}},"fnMap":{"0":{"name":"(anonymous_0)","decl":{"start":{"line":8,"column":21},"end":{"line":8,"column":22}},"loc":{"start":{"line":8,"column":52},"end":{"line":47,"column":2}},"line":8},"1":{"name":"(anonymous_1)","decl":{"start":{"line":31,"column":49},"end":{"line":31,"column":50}},"loc":{"start":{"line":31,"column":57},"end":{"line":31,"column":86}},"line":31}},"branchMap":{"0":{"loc":{"start":{"line":8,"column":22},"end":{"line":8,"column":40}},"type":"default-arg","locations":[{"start":{"line":8,"column":28},"end":{"line":8,"column":40}}],"line":8},"1":{"loc":{"start":{"line":9,"column":5},"end":{"line":46,"column":6}},"type":"switch","locations":[{"start":{"line":10,"column":9},"end":{"line":14,"column":15}},{"start":{"line":15,"column":8},"end":{"line":20,"column":14}},{"start":{"line":22,"column":8},"end":{"line":26,"column":14}},{"start":{"line":28,"column":8},"end":{"line":32,"column":14}},{"start":{"line":34,"column":8},"end":{"line":38,"column":14}},{"start":{"line":40,"column":8},"end":{"line":44,"column":14}},{"start":{"line":45,"column":8},"end":{"line":45,"column":30}}],"line":9}},"s":{"0":1,"1":1,"2":6,"3":1,"4":1,"5":1,"6":1,"7":2,"8":1,"9":0,"10":1},"f":{"0":6,"1":2},"b":{"0":[1],"1":[1,1,1,1,1,0,1]},"_coverageSchema":"1a1c01bbd47fc00a2c39e90264f33305004495a9","hash":"ceaa638634925577a553cf9cdff9e7448005b498"}
,"C:\\Users\\Manas\\Desktop\\Btech\\web pr\\shopnrock\\client\\src\\Redux\\Cart\\cart.saga.js": {"path":"C:\\Users\\Manas\\Desktop\\Btech\\web pr\\shopnrock\\client\\src\\Redux\\Cart\\cart.saga.js","statementMap":{"0":{"start":{"line":10,"column":4},"end":{"line":10,"column":27}},"1":{"start":{"line":14,"column":19},"end":{"line":14,"column":50}},"2":{"start":{"line":15,"column":4},"end":{"line":24,"column":5}},"3":{"start":{"line":16,"column":8},"end":{"line":23,"column":9}},"4":{"start":{"line":17,"column":27},"end":{"line":17,"column":59}},"5":{"start":{"line":18,"column":30},"end":{"line":18,"column":59}},"6":{"start":{"line":19,"column":12},"end":{"line":19,"column":46}},"7":{"start":{"line":22,"column":12},"end":{"line":22,"column":29}},"8":{"start":{"line":28,"column":20},"end":{"line":28,"column":49}},"9":{"start":{"line":29,"column":21},"end":{"line":29,"column":40}},"10":{"start":{"line":30,"column":4},"end":{"line":30,"column":53}},"11":{"start":{"line":34,"column":4},"end":{"line":34,"column":26}},"12":{"start":{"line":35,"column":4},"end":{"line":35,"column":70}},"13":{"start":{"line":39,"column":4},"end":{"line":39,"column":70}},"14":{"start":{"line":43,"column":4},"end":{"line":43,"column":156}},"15":{"start":{"line":47,"column":4},"end":{"line":47,"column":76}}},"fnMap":{"0":{"name":"clearOnSignout","decl":{"start":{"line":9,"column":17},"end":{"line":9,"column":31}},"loc":{"start":{"line":9,"column":34},"end":{"line":11,"column":1}},"line":9},"1":{"name":"updateCartOnDb","decl":{"start":{"line":13,"column":17},"end":{"line":13,"column":31}},"loc":{"start":{"line":13,"column":34},"end":{"line":25,"column":1}},"line":13},"2":{"name":"checkCartFromDb","decl":{"start":{"line":27,"column":17},"end":{"line":27,"column":32}},"loc":{"start":{"line":27,"column":49},"end":{"line":31,"column":1}},"line":27},"3":{"name":"onSignOutSuccess","decl":{"start":{"line":33,"column":17},"end":{"line":33,"column":33}},"loc":{"start":{"line":33,"column":37},"end":{"line":36,"column":1}},"line":33},"4":{"name":"onUserSignIn","decl":{"start":{"line":38,"column":17},"end":{"line":38,"column":29}},"loc":{"start":{"line":38,"column":33},"end":{"line":40,"column":1}},"line":38},"5":{"name":"cartChange","decl":{"start":{"line":42,"column":17},"end":{"line":42,"column":27}},"loc":{"start":{"line":42,"column":31},"end":{"line":44,"column":1}},"line":42},"6":{"name":"cartSagas","decl":{"start":{"line":46,"column":17},"end":{"line":46,"column":26}},"loc":{"start":{"line":46,"column":30},"end":{"line":48,"column":1}},"line":46}},"branchMap":{"0":{"loc":{"start":{"line":15,"column":4},"end":{"line":24,"column":5}},"type":"if","locations":[{"start":{"line":15,"column":4},"end":{"line":24,"column":5}},{"start":{"line":15,"column":4},"end":{"line":24,"column":5}}],"line":15}},"s":{"0":1,"1":0,"2":0,"3":0,"4":0,"5":0,"6":0,"7":0,"8":0,"9":0,"10":0,"11":1,"12":1,"13":0,"14":0,"15":0},"f":{"0":1,"1":0,"2":0,"3":1,"4":0,"5":0,"6":0},"b":{"0":[0,0]},"_coverageSchema":"1a1c01bbd47fc00a2c39e90264f33305004495a9","hash":"c4efa4d2e8c6d70fde336b2d1277bab42f7690fa"}
,"C:\\Users\\Manas\\Desktop\\Btech\\web pr\\shopnrock\\client\\src\\Redux\\Cart\\cart.selectors.js": {"path":"C:\\Users\\Manas\\Desktop\\Btech\\web pr\\shopnrock\\client\\src\\Redux\\Cart\\cart.selectors.js","statementMap":{"0":{"start":{"line":3,"column":19},"end":{"line":3,"column":38}},"1":{"start":{"line":3,"column":28},"end":{"line":3,"column":38}},"2":{"start":{"line":4,"column":31},"end":{"line":7,"column":1}},"3":{"start":{"line":6,"column":12},"end":{"line":6,"column":26}},"4":{"start":{"line":9,"column":36},"end":{"line":13,"column":1}},"5":{"start":{"line":12,"column":17},"end":{"line":12,"column":68}},"6":{"start":{"line":12,"column":48},"end":{"line":12,"column":65}},"7":{"start":{"line":15,"column":32},"end":{"line":18,"column":1}},"8":{"start":{"line":17,"column":12},"end":{"line":17,"column":23}},"9":{"start":{"line":20,"column":31},"end":{"line":23,"column":1}},"10":{"start":{"line":22,"column":17},"end":{"line":22,"column":80}},"11":{"start":{"line":22,"column":47},"end":{"line":22,"column":77}}},"fnMap":{"0":{"name":"(anonymous_0)","decl":{"start":{"line":3,"column":19},"end":{"line":3,"column":20}},"loc":{"start":{"line":3,"column":28},"end":{"line":3,"column":38}},"line":3},"1":{"name":"(anonymous_1)","decl":{"start":{"line":6,"column":4},"end":{"line":6,"column":5}},"loc":{"start":{"line":6,"column":12},"end":{"line":6,"column":26}},"line":6},"2":{"name":"(anonymous_2)","decl":{"start":{"line":12,"column":4},"end":{"line":12,"column":5}},"loc":{"start":{"line":12,"column":17},"end":{"line":12,"column":68}},"line":12},"3":{"name":"(anonymous_3)","decl":{"start":{"line":12,"column":34},"end":{"line":12,"column":35}},"loc":{"start":{"line":12,"column":48},"end":{"line":12,"column":65}},"line":12},"4":{"name":"(anonymous_4)","decl":{"start":{"line":17,"column":4},"end":{"line":17,"column":5}},"loc":{"start":{"line":17,"column":12},"end":{"line":17,"column":23}},"line":17},"5":{"name":"(anonymous_5)","decl":{"start":{"line":22,"column":4},"end":{"line":22,"column":5}},"loc":{"start":{"line":22,"column":17},"end":{"line":22,"column":80}},"line":22},"6":{"name":"(anonymous_6)","decl":{"start":{"line":22,"column":34},"end":{"line":22,"column":35}},"loc":{"start":{"line":22,"column":47},"end":{"line":22,"column":77}},"line":22}},"branchMap":{},"s":{"0":1,"1":0,"2":1,"3":0,"4":1,"5":0,"6":0,"7":1,"8":0,"9":1,"10":0,"11":0},"f":{"0":0,"1":0,"2":0,"3":0,"4":0,"5":0,"6":0},"b":{},"_coverageSchema":"1a1c01bbd47fc00a2c39e90264f33305004495a9","hash":"e162f01c84120daaff5a90731396171300dc1808"}
,"C:\\Users\\Manas\\Desktop\\Btech\\web pr\\shopnrock\\client\\src\\Redux\\Cart\\cart.types.js": {"path":"C:\\Users\\Manas\\Desktop\\Btech\\web pr\\shopnrock\\client\\src\\Redux\\Cart\\cart.types.js","statementMap":{"0":{"start":{"line":1,"column":31},"end":{"line":9,"column":1}}},"fnMap":{},"branchMap":{},"s":{"0":3},"f":{},"b":{},"_coverageSchema":"1a1c01bbd47fc00a2c39e90264f33305004495a9","hash":"ff5f894031eb5be48ecf2512dc071265e870b389"}
,"C:\\Users\\Manas\\Desktop\\Btech\\web pr\\shopnrock\\client\\src\\Redux\\Cart\\cart.utils.js": {"path":"C:\\Users\\Manas\\Desktop\\Btech\\web pr\\shopnrock\\client\\src\\Redux\\Cart\\cart.utils.js","statementMap":{"0":{"start":{"line":1,"column":29},"end":{"line":9,"column":1}},"1":{"start":{"line":2,"column":20},"end":{"line":2,"column":57}},"2":{"start":{"line":2,"column":41},"end":{"line":2,"column":56}},"3":{"start":{"line":3,"column":4},"end":{"line":7,"column":5}},"4":{"start":{"line":4,"column":8},"end":{"line":6,"column":13}},"5":{"start":{"line":5,"column":12},"end":{"line":5,"column":63}},"6":{"start":{"line":8,"column":4},"end":{"line":8,"column":46}},"7":{"start":{"line":11,"column":26},"end":{"line":20,"column":1}},"8":{"start":{"line":12,"column":20},"end":{"line":12,"column":57}},"9":{"start":{"line":12,"column":41},"end":{"line":12,"column":56}},"10":{"start":{"line":13,"column":4},"end":{"line":17,"column":5}},"11":{"start":{"line":14,"column":8},"end":{"line":16,"column":14}},"12":{"start":{"line":15,"column":13},"end":{"line":15,"column":30}},"13":{"start":{"line":19,"column":4},"end":{"line":19,"column":87}},"14":{"start":{"line":19,"column":32},"end":{"line":19,"column":84}}},"fnMap":{"0":{"name":"(anonymous_0)","decl":{"start":{"line":1,"column":29},"end":{"line":1,"column":30}},"loc":{"start":{"line":1,"column":49},"end":{"line":9,"column":1}},"line":1},"1":{"name":"(anonymous_1)","decl":{"start":{"line":2,"column":35},"end":{"line":2,"column":36}},"loc":{"start":{"line":2,"column":41},"end":{"line":2,"column":56}},"line":2},"2":{"name":"(anonymous_2)","decl":{"start":{"line":4,"column":29},"end":{"line":4,"column":30}},"loc":{"start":{"line":5,"column":12},"end":{"line":5,"column":63}},"line":5},"3":{"name":"(anonymous_3)","decl":{"start":{"line":11,"column":26},"end":{"line":11,"column":27}},"loc":{"start":{"line":11,"column":46},"end":{"line":20,"column":1}},"line":11},"4":{"name":"(anonymous_4)","decl":{"start":{"line":12,"column":35},"end":{"line":12,"column":36}},"loc":{"start":{"line":12,"column":41},"end":{"line":12,"column":56}},"line":12},"5":{"name":"(anonymous_5)","decl":{"start":{"line":14,"column":32},"end":{"line":14,"column":33}},"loc":{"start":{"line":15,"column":13},"end":{"line":15,"column":30}},"line":15},"6":{"name":"(anonymous_6)","decl":{"start":{"line":19,"column":26},"end":{"line":19,"column":27}},"loc":{"start":{"line":19,"column":32},"end":{"line":19,"column":84}},"line":19}},"branchMap":{"0":{"loc":{"start":{"line":3,"column":4},"end":{"line":7,"column":5}},"type":"if","locations":[{"start":{"line":3,"column":4},"end":{"line":7,"column":5}},{"start":{"line":3,"column":4},"end":{"line":7,"column":5}}],"line":3},"1":{"loc":{"start":{"line":5,"column":12},"end":{"line":5,"column":63}},"type":"cond-expr","locations":[{"start":{"line":5,"column":29},"end":{"line":5,"column":59}},{"start":{"line":5,"column":61},"end":{"line":5,"column":63}}],"line":5},"2":{"loc":{"start":{"line":13,"column":4},"end":{"line":17,"column":5}},"type":"if","locations":[{"start":{"line":13,"column":4},"end":{"line":17,"column":5}},{"start":{"line":13,"column":4},"end":{"line":17,"column":5}}],"line":13},"3":{"loc":{"start":{"line":19,"column":32},"end":{"line":19,"column":84}},"type":"cond-expr","locations":[{"start":{"line":19,"column":49},"end":{"line":19,"column":79}},{"start":{"line":19,"column":82},"end":{"line":19,"column":84}}],"line":19}},"s":{"0":1,"1":1,"2":1,"3":1,"4":1,"5":2,"6":0,"7":1,"8":1,"9":1,"10":1,"11":0,"12":0,"13":1,"14":2},"f":{"0":1,"1":1,"2":2,"3":1,"4":1,"5":0,"6":2},"b":{"0":[1,0],"1":[1,1],"2":[0,1],"3":[1,1]},"_coverageSchema":"1a1c01bbd47fc00a2c39e90264f33305004495a9","hash":"4da0f610426d6eae6edcb7f6a749b9efd98ad2ff"}
,"C:\\Users\\Manas\\Desktop\\Btech\\web pr\\shopnrock\\client\\src\\Redux\\Directory\\directory.reducer.js": {"path":"C:\\Users\\Manas\\Desktop\\Btech\\web pr\\shopnrock\\client\\src\\Redux\\Directory\\directory.reducer.js","statementMap":{"0":{"start":{"line":1,"column":28},"end":{"line":37,"column":1}},"1":{"start":{"line":39,"column":19},"end":{"line":43,"column":1}},"2":{"start":{"line":40,"column":4},"end":{"line":42,"column":5}},"3":{"start":{"line":41,"column":17},"end":{"line":41,"column":30}}},"fnMap":{"0":{"name":"(anonymous_0)","decl":{"start":{"line":39,"column":19},"end":{"line":39,"column":20}},"loc":{"start":{"line":39,"column":50},"end":{"line":43,"column":1}},"line":39}},"branchMap":{"0":{"loc":{"start":{"line":39,"column":20},"end":{"line":39,"column":38}},"type":"default-arg","locations":[{"start":{"line":39,"column":26},"end":{"line":39,"column":38}}],"line":39},"1":{"loc":{"start":{"line":40,"column":4},"end":{"line":42,"column":5}},"type":"switch","locations":[{"start":{"line":41,"column":8},"end":{"line":41,"column":30}}],"line":40}},"s":{"0":1,"1":1,"2":1,"3":1},"f":{"0":1},"b":{"0":[1],"1":[1]},"_coverageSchema":"1a1c01bbd47fc00a2c39e90264f33305004495a9","hash":"dbf29d8fa6070468efec56fd5e605f452db6b7b1"}
,"C:\\Users\\Manas\\Desktop\\Btech\\web pr\\shopnrock\\client\\src\\Redux\\Directory\\directory.selector.js": {"path":"C:\\Users\\Manas\\Desktop\\Btech\\web pr\\shopnrock\\client\\src\\Redux\\Directory\\directory.selector.js","statementMap":{"0":{"start":{"line":2,"column":20},"end":{"line":2,"column":44}},"1":{"start":{"line":2,"column":29},"end":{"line":2,"column":44}},"2":{"start":{"line":4,"column":25},"end":{"line":7,"column":1}},"3":{"start":{"line":6,"column":17},"end":{"line":6,"column":35}}},"fnMap":{"0":{"name":"(anonymous_0)","decl":{"start":{"line":2,"column":20},"end":{"line":2,"column":21}},"loc":{"start":{"line":2,"column":29},"end":{"line":2,"column":44}},"line":2},"1":{"name":"(anonymous_1)","decl":{"start":{"line":6,"column":4},"end":{"line":6,"column":5}},"loc":{"start":{"line":6,"column":17},"end":{"line":6,"column":35}},"line":6}},"branchMap":{},"s":{"0":0,"1":0,"2":0,"3":0},"f":{"0":0,"1":0},"b":{}}
,"C:\\Users\\Manas\\Desktop\\Btech\\web pr\\shopnrock\\client\\src\\Redux\\Shop\\shop.actions.js": {"path":"C:\\Users\\Manas\\Desktop\\Btech\\web pr\\shopnrock\\client\\src\\Redux\\Shop\\shop.actions.js","statementMap":{"0":{"start":{"line":3,"column":32},"end":{"line":5,"column":2}},"1":{"start":{"line":3,"column":39},"end":{"line":5,"column":1}},"2":{"start":{"line":7,"column":35},"end":{"line":16,"column":1}},"3":{"start":{"line":8,"column":4},"end":{"line":15,"column":1}},"4":{"start":{"line":9,"column":24},"end":{"line":9,"column":59}},"5":{"start":{"line":10,"column":8},"end":{"line":10,"column":35}},"6":{"start":{"line":11,"column":5},"end":{"line":14,"column":62}},"7":{"start":{"line":12,"column":23},"end":{"line":12,"column":48}},"8":{"start":{"line":13,"column":7},"end":{"line":13,"column":43}},"9":{"start":{"line":14,"column":22},"end":{"line":14,"column":60}},"10":{"start":{"line":18,"column":32},"end":{"line":21,"column":2}},"11":{"start":{"line":18,"column":51},"end":{"line":21,"column":1}},"12":{"start":{"line":23,"column":29},"end":{"line":26,"column":2}},"13":{"start":{"line":23,"column":39},"end":{"line":26,"column":1}}},"fnMap":{"0":{"name":"(anonymous_0)","decl":{"start":{"line":3,"column":32},"end":{"line":3,"column":33}},"loc":{"start":{"line":3,"column":39},"end":{"line":5,"column":1}},"line":3},"1":{"name":"(anonymous_1)","decl":{"start":{"line":7,"column":35},"end":{"line":7,"column":36}},"loc":{"start":{"line":7,"column":41},"end":{"line":16,"column":1}},"line":7},"2":{"name":"(anonymous_2)","decl":{"start":{"line":8,"column":11},"end":{"line":8,"column":12}},"loc":{"start":{"line":8,"column":23},"end":{"line":15,"column":1}},"line":8},"3":{"name":"(anonymous_3)","decl":{"start":{"line":11,"column":24},"end":{"line":11,"column":25}},"loc":{"start":{"line":11,"column":32},"end":{"line":14,"column":5}},"line":11},"4":{"name":"(anonymous_4)","decl":{"start":{"line":14,"column":13},"end":{"line":14,"column":14}},"loc":{"start":{"line":14,"column":22},"end":{"line":14,"column":60}},"line":14},"5":{"name":"(anonymous_5)","decl":{"start":{"line":18,"column":32},"end":{"line":18,"column":33}},"loc":{"start":{"line":18,"column":51},"end":{"line":21,"column":1}},"line":18},"6":{"name":"(anonymous_6)","decl":{"start":{"line":23,"column":29},"end":{"line":23,"column":30}},"loc":{"start":{"line":23,"column":39},"end":{"line":26,"column":1}},"line":23}},"branchMap":{},"s":{"0":2,"1":1,"2":2,"3":1,"4":1,"5":1,"6":1,"7":0,"8":0,"9":0,"10":2,"11":3,"12":2,"13":1},"f":{"0":1,"1":1,"2":1,"3":0,"4":0,"5":3,"6":1},"b":{},"_coverageSchema":"1a1c01bbd47fc00a2c39e90264f33305004495a9","hash":"0272bbec873c7178a45344ec52294f909c3ee927"}
,"C:\\Users\\Manas\\Desktop\\Btech\\web pr\\shopnrock\\client\\src\\Redux\\Shop\\shop.reducer.js": {"path":"C:\\Users\\Manas\\Desktop\\Btech\\web pr\\shopnrock\\client\\src\\Redux\\Shop\\shop.reducer.js","statementMap":{"0":{"start":{"line":3,"column":21},"end":{"line":7,"column":1}},"1":{"start":{"line":9,"column":20},"end":{"line":31,"column":1}},"2":{"start":{"line":10,"column":4},"end":{"line":30,"column":5}},"3":{"start":{"line":12,"column":10},"end":{"line":15,"column":13}},"4":{"start":{"line":17,"column":12},"end":{"line":21,"column":14}},"5":{"start":{"line":24,"column":12},"end":{"line":28,"column":14}},"6":{"start":{"line":29,"column":17},"end":{"line":29,"column":30}}},"fnMap":{"0":{"name":"(anonymous_0)","decl":{"start":{"line":9,"column":20},"end":{"line":9,"column":21}},"loc":{"start":{"line":9,"column":51},"end":{"line":31,"column":1}},"line":9}},"branchMap":{"0":{"loc":{"start":{"line":9,"column":21},"end":{"line":9,"column":39}},"type":"default-arg","locations":[{"start":{"line":9,"column":27},"end":{"line":9,"column":39}}],"line":9},"1":{"loc":{"start":{"line":10,"column":4},"end":{"line":30,"column":5}},"type":"switch","locations":[{"start":{"line":11,"column":7},"end":{"line":15,"column":13}},{"start":{"line":16,"column":8},"end":{"line":21,"column":14}},{"start":{"line":23,"column":8},"end":{"line":28,"column":14}},{"start":{"line":29,"column":8},"end":{"line":29,"column":30}}],"line":10}},"s":{"0":1,"1":1,"2":4,"3":1,"4":1,"5":1,"6":1},"f":{"0":4},"b":{"0":[1],"1":[1,1,1,1]},"_coverageSchema":"1a1c01bbd47fc00a2c39e90264f33305004495a9","hash":"e05a0aacf557bb190d99a27d17e9294eee40e416"}
,"C:\\Users\\Manas\\Desktop\\Btech\\web pr\\shopnrock\\client\\src\\Redux\\Shop\\shop.saga.js": {"path":"C:\\Users\\Manas\\Desktop\\Btech\\web pr\\shopnrock\\client\\src\\Redux\\Shop\\shop.saga.js","statementMap":{"0":{"start":{"line":6,"column":4},"end":{"line":14,"column":5}},"1":{"start":{"line":7,"column":24},"end":{"line":7,"column":59}},"2":{"start":{"line":8,"column":21},"end":{"line":8,"column":40}},"3":{"start":{"line":9,"column":24},"end":{"line":9,"column":60}},"4":{"start":{"line":10,"column":8},"end":{"line":10,"column":45}},"5":{"start":{"line":13,"column":8},"end":{"line":13,"column":48}},"6":{"start":{"line":18,"column":4},"end":{"line":18,"column":77}}},"fnMap":{"0":{"name":"fetchCollAsync","decl":{"start":{"line":5,"column":17},"end":{"line":5,"column":31}},"loc":{"start":{"line":5,"column":35},"end":{"line":15,"column":1}},"line":5},"1":{"name":"fetchCollStart","decl":{"start":{"line":17,"column":17},"end":{"line":17,"column":31}},"loc":{"start":{"line":17,"column":33},"end":{"line":19,"column":1}},"line":17}},"branchMap":{},"s":{"0":1,"1":1,"2":1,"3":1,"4":1,"5":0,"6":1},"f":{"0":1,"1":1},"b":{},"_coverageSchema":"1a1c01bbd47fc00a2c39e90264f33305004495a9","hash":"e8f33cf1419306710cf5e8e9fcc7273bcb67d755"}
,"C:\\Users\\Manas\\Desktop\\Btech\\web pr\\shopnrock\\client\\src\\Redux\\Shop\\shop.selector.js": {"path":"C:\\Users\\Manas\\Desktop\\Btech\\web pr\\shopnrock\\client\\src\\Redux\\Shop\\shop.selector.js","statementMap":{"0":{"start":{"line":3,"column":20},"end":{"line":3,"column":38}},"1":{"start":{"line":3,"column":28},"end":{"line":3,"column":38}},"2":{"start":{"line":6,"column":33},"end":{"line":9,"column":1}},"3":{"start":{"line":8,"column":12},"end":{"line":8,"column":28}},"4":{"start":{"line":11,"column":43},"end":{"line":14,"column":1}},"5":{"start":{"line":13,"column":19},"end":{"line":13,"column":91}},"6":{"start":{"line":13,"column":69},"end":{"line":13,"column":85}},"7":{"start":{"line":16,"column":26},"end":{"line":19,"column":1}},"8":{"start":{"line":16,"column":37},"end":{"line":19,"column":1}},"9":{"start":{"line":18,"column":19},"end":{"line":18,"column":58}},"10":{"start":{"line":21,"column":31},"end":{"line":24,"column":1}},"11":{"start":{"line":23,"column":12},"end":{"line":23,"column":24}},"12":{"start":{"line":26,"column":32},"end":{"line":29,"column":1}},"13":{"start":{"line":28,"column":12},"end":{"line":28,"column":30}}},"fnMap":{"0":{"name":"(anonymous_0)","decl":{"start":{"line":3,"column":20},"end":{"line":3,"column":21}},"loc":{"start":{"line":3,"column":28},"end":{"line":3,"column":38}},"line":3},"1":{"name":"(anonymous_1)","decl":{"start":{"line":8,"column":4},"end":{"line":8,"column":5}},"loc":{"start":{"line":8,"column":12},"end":{"line":8,"column":28}},"line":8},"2":{"name":"(anonymous_2)","decl":{"start":{"line":13,"column":4},"end":{"line":13,"column":5}},"loc":{"start":{"line":13,"column":19},"end":{"line":13,"column":91}},"line":13},"3":{"name":"(anonymous_3)","decl":{"start":{"line":13,"column":62},"end":{"line":13,"column":63}},"loc":{"start":{"line":13,"column":69},"end":{"line":13,"column":85}},"line":13},"4":{"name":"(anonymous_4)","decl":{"start":{"line":16,"column":26},"end":{"line":16,"column":27}},"loc":{"start":{"line":16,"column":37},"end":{"line":19,"column":1}},"line":16},"5":{"name":"(anonymous_5)","decl":{"start":{"line":18,"column":4},"end":{"line":18,"column":5}},"loc":{"start":{"line":18,"column":19},"end":{"line":18,"column":58}},"line":18},"6":{"name":"(anonymous_6)","decl":{"start":{"line":23,"column":4},"end":{"line":23,"column":5}},"loc":{"start":{"line":23,"column":12},"end":{"line":23,"column":24}},"line":23},"7":{"name":"(anonymous_7)","decl":{"start":{"line":28,"column":4},"end":{"line":28,"column":5}},"loc":{"start":{"line":28,"column":12},"end":{"line":28,"column":30}},"line":28}},"branchMap":{"0":{"loc":{"start":{"line":13,"column":19},"end":{"line":13,"column":91}},"type":"cond-expr","locations":[{"start":{"line":13,"column":33},"end":{"line":13,"column":86}},{"start":{"line":13,"column":89},"end":{"line":13,"column":91}}],"line":13},"1":{"loc":{"start":{"line":18,"column":19},"end":{"line":18,"column":58}},"type":"cond-expr","locations":[{"start":{"line":18,"column":33},"end":{"line":18,"column":53}},{"start":{"line":18,"column":56},"end":{"line":18,"column":58}}],"line":18}},"s":{"0":0,"1":0,"2":0,"3":0,"4":0,"5":0,"6":0,"7":0,"8":0,"9":0,"10":0,"11":0,"12":0,"13":0},"f":{"0":0,"1":0,"2":0,"3":0,"4":0,"5":0,"6":0,"7":0},"b":{"0":[0,0],"1":[0,0]}}
,"C:\\Users\\Manas\\Desktop\\Btech\\web pr\\shopnrock\\client\\src\\Redux\\Shop\\shop.types.js": {"path":"C:\\Users\\Manas\\Desktop\\Btech\\web pr\\shopnrock\\client\\src\\Redux\\Shop\\shop.types.js","statementMap":{"0":{"start":{"line":1,"column":24},"end":{"line":5,"column":1}}},"fnMap":{},"branchMap":{},"s":{"0":3},"f":{},"b":{},"_coverageSchema":"1a1c01bbd47fc00a2c39e90264f33305004495a9","hash":"bc12b95a5925cdbd29766b278c9b63f71e57e864"}
,"C:\\Users\\Manas\\Desktop\\Btech\\web pr\\shopnrock\\client\\src\\Redux\\UserReducer\\user.actions.js": {"path":"C:\\Users\\Manas\\Desktop\\Btech\\web pr\\shopnrock\\client\\src\\Redux\\UserReducer\\user.actions.js","statementMap":{"0":{"start":{"line":3,"column":30},"end":{"line":6,"column":2}},"1":{"start":{"line":3,"column":38},"end":{"line":6,"column":1}},"2":{"start":{"line":8,"column":34},"end":{"line":10,"column":2}},"3":{"start":{"line":8,"column":41},"end":{"line":10,"column":1}},"4":{"start":{"line":12,"column":32},"end":{"line":15,"column":2}},"5":{"start":{"line":12,"column":55},"end":{"line":15,"column":1}},"6":{"start":{"line":17,"column":29},"end":{"line":20,"column":2}},"7":{"start":{"line":17,"column":38},"end":{"line":20,"column":1}},"8":{"start":{"line":22,"column":26},"end":{"line":25,"column":2}},"9":{"start":{"line":22,"column":36},"end":{"line":25,"column":1}},"10":{"start":{"line":27,"column":32},"end":{"line":29,"column":2}},"11":{"start":{"line":27,"column":39},"end":{"line":29,"column":1}},"12":{"start":{"line":31,"column":28},"end":{"line":33,"column":2}},"13":{"start":{"line":31,"column":35},"end":{"line":33,"column":1}},"14":{"start":{"line":35,"column":30},"end":{"line":37,"column":2}},"15":{"start":{"line":35,"column":37},"end":{"line":37,"column":1}},"16":{"start":{"line":39,"column":27},"end":{"line":42,"column":2}},"17":{"start":{"line":39,"column":39},"end":{"line":42,"column":1}},"18":{"start":{"line":44,"column":27},"end":{"line":47,"column":2}},"19":{"start":{"line":44,"column":50},"end":{"line":47,"column":1}},"20":{"start":{"line":49,"column":29},"end":{"line":52,"column":2}},"21":{"start":{"line":49,"column":38},"end":{"line":52,"column":1}},"22":{"start":{"line":54,"column":26},"end":{"line":57,"column":2}},"23":{"start":{"line":54,"column":38},"end":{"line":57,"column":1}}},"fnMap":{"0":{"name":"(anonymous_0)","decl":{"start":{"line":3,"column":30},"end":{"line":3,"column":31}},"loc":{"start":{"line":3,"column":38},"end":{"line":6,"column":1}},"line":3},"1":{"name":"(anonymous_1)","decl":{"start":{"line":8,"column":34},"end":{"line":8,"column":35}},"loc":{"start":{"line":8,"column":41},"end":{"line":10,"column":1}},"line":8},"2":{"name":"(anonymous_2)","decl":{"start":{"line":12,"column":32},"end":{"line":12,"column":33}},"loc":{"start":{"line":12,"column":55},"end":{"line":15,"column":1}},"line":12},"3":{"name":"(anonymous_3)","decl":{"start":{"line":17,"column":29},"end":{"line":17,"column":30}},"loc":{"start":{"line":17,"column":38},"end":{"line":20,"column":1}},"line":17},"4":{"name":"(anonymous_4)","decl":{"start":{"line":22,"column":26},"end":{"line":22,"column":27}},"loc":{"start":{"line":22,"column":36},"end":{"line":25,"column":1}},"line":22},"5":{"name":"(anonymous_5)","decl":{"start":{"line":27,"column":32},"end":{"line":27,"column":33}},"loc":{"start":{"line":27,"column":39},"end":{"line":29,"column":1}},"line":27},"6":{"name":"(anonymous_6)","decl":{"start":{"line":31,"column":28},"end":{"line":31,"column":29}},"loc":{"start":{"line":31,"column":35},"end":{"line":33,"column":1}},"line":31},"7":{"name":"(anonymous_7)","decl":{"start":{"line":35,"column":30},"end":{"line":35,"column":31}},"loc":{"start":{"line":35,"column":37},"end":{"line":37,"column":1}},"line":35},"8":{"name":"(anonymous_8)","decl":{"start":{"line":39,"column":27},"end":{"line":39,"column":28}},"loc":{"start":{"line":39,"column":39},"end":{"line":42,"column":1}},"line":39},"9":{"name":"(anonymous_9)","decl":{"start":{"line":44,"column":27},"end":{"line":44,"column":28}},"loc":{"start":{"line":44,"column":50},"end":{"line":47,"column":1}},"line":44},"10":{"name":"(anonymous_10)","decl":{"start":{"line":49,"column":29},"end":{"line":49,"column":30}},"loc":{"start":{"line":49,"column":38},"end":{"line":52,"column":1}},"line":49},"11":{"name":"(anonymous_11)","decl":{"start":{"line":54,"column":26},"end":{"line":54,"column":27}},"loc":{"start":{"line":54,"column":38},"end":{"line":57,"column":1}},"line":54}},"branchMap":{},"s":{"0":1,"1":0,"2":1,"3":0,"4":1,"5":0,"6":1,"7":0,"8":1,"9":4,"10":1,"11":0,"12":1,"13":0,"14":1,"15":2,"16":1,"17":2,"18":1,"19":0,"20":1,"21":0,"22":1,"23":0},"f":{"0":0,"1":0,"2":0,"3":0,"4":4,"5":0,"6":0,"7":2,"8":2,"9":0,"10":0,"11":0},"b":{},"_coverageSchema":"1a1c01bbd47fc00a2c39e90264f33305004495a9","hash":"85a9bc560128e6af10b540a77f97336b7a9f4579"}
,"C:\\Users\\Manas\\Desktop\\Btech\\web pr\\shopnrock\\client\\src\\Redux\\UserReducer\\user.reducer.jsx": {"path":"C:\\Users\\Manas\\Desktop\\Btech\\web pr\\shopnrock\\client\\src\\Redux\\UserReducer\\user.reducer.jsx","statementMap":{"0":{"start":{"line":2,"column":21},"end":{"line":5,"column":1}},"1":{"start":{"line":7,"column":20},"end":{"line":48,"column":1}},"2":{"start":{"line":8,"column":4},"end":{"line":47,"column":5}},"3":{"start":{"line":9,"column":47},"end":{"line":12,"column":10}},"4":{"start":{"line":14,"column":12},"end":{"line":18,"column":14}},"5":{"start":{"line":21,"column":12},"end":{"line":25,"column":14}},"6":{"start":{"line":27,"column":12},"end":{"line":31,"column":14}},"7":{"start":{"line":34,"column":12},"end":{"line":38,"column":14}},"8":{"start":{"line":40,"column":12},"end":{"line":44,"column":14}},"9":{"start":{"line":46,"column":8},"end":{"line":46,"column":21}}},"fnMap":{"0":{"name":"(anonymous_0)","decl":{"start":{"line":7,"column":20},"end":{"line":7,"column":21}},"loc":{"start":{"line":7,"column":51},"end":{"line":48,"column":1}},"line":7}},"branchMap":{"0":{"loc":{"start":{"line":7,"column":21},"end":{"line":7,"column":39}},"type":"default-arg","locations":[{"start":{"line":7,"column":27},"end":{"line":7,"column":39}}],"line":7},"1":{"loc":{"start":{"line":8,"column":4},"end":{"line":47,"column":5}},"type":"switch","locations":[{"start":{"line":9,"column":8},"end":{"line":12,"column":10}},{"start":{"line":13,"column":8},"end":{"line":18,"column":14}},{"start":{"line":19,"column":8},"end":{"line":19,"column":42}},{"start":{"line":20,"column":8},"end":{"line":25,"column":14}},{"start":{"line":26,"column":8},"end":{"line":31,"column":14}},{"start":{"line":33,"column":8},"end":{"line":38,"column":14}},{"start":{"line":39,"column":8},"end":{"line":44,"column":14}},{"start":{"line":45,"column":8},"end":{"line":46,"column":21}}],"line":8}},"s":{"0":1,"1":1,"2":6,"3":0,"4":1,"5":2,"6":1,"7":0,"8":1,"9":1},"f":{"0":6},"b":{"0":[1],"1":[0,1,1,2,1,0,1,1]},"_coverageSchema":"1a1c01bbd47fc00a2c39e90264f33305004495a9","hash":"6b9691c0b4d23dc1804e8589f67d529846315b4e"}
,"C:\\Users\\Manas\\Desktop\\Btech\\web pr\\shopnrock\\client\\src\\Redux\\UserReducer\\user.saga.js": {"path":"C:\\Users\\Manas\\Desktop\\Btech\\web pr\\shopnrock\\client\\src\\Redux\\UserReducer\\user.saga.js","statementMap":{"0":{"start":{"line":6,"column":4},"end":{"line":13,"column":5}},"1":{"start":{"line":7,"column":23},"end":{"line":7,"column":64}},"2":{"start":{"line":8,"column":25},"end":{"line":8,"column":44}},"3":{"start":{"line":9,"column":8},"end":{"line":9,"column":70}},"4":{"start":{"line":12,"column":8},"end":{"line":12,"column":35}},"5":{"start":{"line":17,"column":4},"end":{"line":23,"column":5}},"6":{"start":{"line":18,"column":21},"end":{"line":18,"column":57}},"7":{"start":{"line":19,"column":8},"end":{"line":19,"column":30}},"8":{"start":{"line":22,"column":8},"end":{"line":22,"column":35}},"9":{"start":{"line":27,"column":4},"end":{"line":27,"column":72}},"10":{"start":{"line":31,"column":4},"end":{"line":37,"column":5}},"11":{"start":{"line":32,"column":21},"end":{"line":32,"column":74}},"12":{"start":{"line":33,"column":8},"end":{"line":33,"column":30}},"13":{"start":{"line":36,"column":8},"end":{"line":36,"column":35}},"14":{"start":{"line":41,"column":4},"end":{"line":41,"column":70}},"15":{"start":{"line":45,"column":4},"end":{"line":52,"column":5}},"16":{"start":{"line":46,"column":25},"end":{"line":46,"column":47}},"17":{"start":{"line":47,"column":8},"end":{"line":47,"column":29}},"18":{"start":{"line":47,"column":22},"end":{"line":47,"column":29}},"19":{"start":{"line":48,"column":8},"end":{"line":48,"column":34}},"20":{"start":{"line":51,"column":8},"end":{"line":51,"column":35}},"21":{"start":{"line":56,"column":4},"end":{"line":56,"column":68}},"22":{"start":{"line":60,"column":4},"end":{"line":66,"column":5}},"23":{"start":{"line":61,"column":8},"end":{"line":61,"column":29}},"24":{"start":{"line":62,"column":8},"end":{"line":62,"column":36}},"25":{"start":{"line":65,"column":8},"end":{"line":65,"column":36}},"26":{"start":{"line":70,"column":4},"end":{"line":70,"column":61}},"27":{"start":{"line":74,"column":4},"end":{"line":82,"column":5}},"28":{"start":{"line":75,"column":21},"end":{"line":75,"column":78}},"29":{"start":{"line":76,"column":23},"end":{"line":76,"column":53}},"30":{"start":{"line":77,"column":25},"end":{"line":77,"column":44}},"31":{"start":{"line":78,"column":8},"end":{"line":78,"column":70}},"32":{"start":{"line":81,"column":8},"end":{"line":81,"column":35}},"33":{"start":{"line":86,"column":4},"end":{"line":86,"column":59}},"34":{"start":{"line":90,"column":4},"end":{"line":90,"column":130}}},"fnMap":{"0":{"name":"checkAuth","decl":{"start":{"line":5,"column":17},"end":{"line":5,"column":26}},"loc":{"start":{"line":5,"column":45},"end":{"line":14,"column":1}},"line":5},"1":{"name":"signInGoogle","decl":{"start":{"line":16,"column":17},"end":{"line":16,"column":29}},"loc":{"start":{"line":16,"column":31},"end":{"line":24,"column":1}},"line":16},"2":{"name":"signInGoogleStart","decl":{"start":{"line":26,"column":17},"end":{"line":26,"column":34}},"loc":{"start":{"line":26,"column":38},"end":{"line":28,"column":1}},"line":26},"3":{"name":"signInEmail","decl":{"start":{"line":30,"column":17},"end":{"line":30,"column":28}},"loc":{"start":{"line":30,"column":57},"end":{"line":38,"column":1}},"line":30},"4":{"name":"signInEmailStart","decl":{"start":{"line":40,"column":17},"end":{"line":40,"column":33}},"loc":{"start":{"line":40,"column":36},"end":{"line":42,"column":1}},"line":40},"5":{"name":"isUserAuth","decl":{"start":{"line":44,"column":17},"end":{"line":44,"column":27}},"loc":{"start":{"line":44,"column":31},"end":{"line":53,"column":1}},"line":44},"6":{"name":"onCheckUserSession","decl":{"start":{"line":55,"column":17},"end":{"line":55,"column":35}},"loc":{"start":{"line":55,"column":39},"end":{"line":57,"column":1}},"line":55},"7":{"name":"signout","decl":{"start":{"line":59,"column":17},"end":{"line":59,"column":24}},"loc":{"start":{"line":59,"column":28},"end":{"line":67,"column":1}},"line":59},"8":{"name":"onSignOutStart","decl":{"start":{"line":69,"column":17},"end":{"line":69,"column":31}},"loc":{"start":{"line":69,"column":35},"end":{"line":71,"column":1}},"line":69},"9":{"name":"signup","decl":{"start":{"line":73,"column":17},"end":{"line":73,"column":23}},"loc":{"start":{"line":73,"column":53},"end":{"line":83,"column":1}},"line":73},"10":{"name":"onSignUpStart","decl":{"start":{"line":85,"column":17},"end":{"line":85,"column":30}},"loc":{"start":{"line":85,"column":34},"end":{"line":87,"column":1}},"line":85},"11":{"name":"userSagas","decl":{"start":{"line":89,"column":17},"end":{"line":89,"column":26}},"loc":{"start":{"line":89,"column":30},"end":{"line":91,"column":1}},"line":89}},"branchMap":{"0":{"loc":{"start":{"line":47,"column":8},"end":{"line":47,"column":29}},"type":"if","locations":[{"start":{"line":47,"column":8},"end":{"line":47,"column":29}},{"start":{"line":47,"column":8},"end":{"line":47,"column":29}}],"line":47}},"s":{"0":3,"1":3,"2":2,"3":0,"4":2,"5":0,"6":0,"7":0,"8":0,"9":1,"10":0,"11":0,"12":0,"13":0,"14":1,"15":2,"16":2,"17":1,"18":0,"19":1,"20":1,"21":1,"22":2,"23":2,"24":1,"25":1,"26":1,"27":1,"28":1,"29":0,"30":0,"31":0,"32":0,"33":1,"34":0},"f":{"0":3,"1":0,"2":1,"3":0,"4":1,"5":2,"6":1,"7":2,"8":1,"9":1,"10":1,"11":0},"b":{"0":[0,1]},"_coverageSchema":"1a1c01bbd47fc00a2c39e90264f33305004495a9","hash":"06ef535c4e58e221df2c3f90c92eef6e3ad40b25"}
,"C:\\Users\\Manas\\Desktop\\Btech\\web pr\\shopnrock\\client\\src\\Redux\\UserReducer\\user.selector.js": {"path":"C:\\Users\\Manas\\Desktop\\Btech\\web pr\\shopnrock\\client\\src\\Redux\\UserReducer\\user.selector.js","statementMap":{"0":{"start":{"line":3,"column":19},"end":{"line":3,"column":38}},"1":{"start":{"line":3,"column":28},"end":{"line":3,"column":38}},"2":{"start":{"line":5,"column":33},"end":{"line":8,"column":1}},"3":{"start":{"line":7,"column":12},"end":{"line":7,"column":28}}},"fnMap":{"0":{"name":"(anonymous_0)","decl":{"start":{"line":3,"column":19},"end":{"line":3,"column":20}},"loc":{"start":{"line":3,"column":28},"end":{"line":3,"column":38}},"line":3},"1":{"name":"(anonymous_1)","decl":{"start":{"line":7,"column":4},"end":{"line":7,"column":5}},"loc":{"start":{"line":7,"column":12},"end":{"line":7,"column":28}},"line":7}},"branchMap":{},"s":{"0":1,"1":0,"2":1,"3":0},"f":{"0":0,"1":0},"b":{},"_coverageSchema":"1a1c01bbd47fc00a2c39e90264f33305004495a9","hash":"9f4651a860936ebe01730c76ae8c5a2fb34a44c6"}
,"C:\\Users\\Manas\\Desktop\\Btech\\web pr\\shopnrock\\client\\src\\Redux\\UserReducer\\user.types.js": {"path":"C:\\Users\\Manas\\Desktop\\Btech\\web pr\\shopnrock\\client\\src\\Redux\\UserReducer\\user.types.js","statementMap":{"0":{"start":{"line":1,"column":31},"end":{"line":14,"column":1}}},"fnMap":{},"branchMap":{},"s":{"0":3},"f":{},"b":{},"_coverageSchema":"1a1c01bbd47fc00a2c39e90264f33305004495a9","hash":"3231b9e36f885de1dae1859fdaff2bc077e451d3"}
,"C:\\Users\\Manas\\Desktop\\Btech\\web pr\\shopnrock\\client\\src\\components\\CartDropdown\\cartdrop.component.jsx": {"path":"C:\\Users\\Manas\\Desktop\\Btech\\web pr\\shopnrock\\client\\src\\components\\CartDropdown\\cartdrop.component.jsx","statementMap":{"0":{"start":{"line":10,"column":17},"end":{"line":26,"column":1}},"1":{"start":{"line":11,"column":4},"end":{"line":25,"column":10}},"2":{"start":{"line":15,"column":40},"end":{"line":15,"column":87}},"3":{"start":{"line":24,"column":23},"end":{"line":24,"column":49}},"4":{"start":{"line":24,"column":50},"end":{"line":24,"column":78}},"5":{"start":{"line":28,"column":25},"end":{"line":30,"column":2}}},"fnMap":{"0":{"name":"(anonymous_0)","decl":{"start":{"line":10,"column":17},"end":{"line":10,"column":18}},"loc":{"start":{"line":11,"column":4},"end":{"line":25,"column":10}},"line":11},"1":{"name":"(anonymous_1)","decl":{"start":{"line":15,"column":31},"end":{"line":15,"column":32}},"loc":{"start":{"line":15,"column":40},"end":{"line":15,"column":87}},"line":15},"2":{"name":"(anonymous_2)","decl":{"start":{"line":24,"column":17},"end":{"line":24,"column":18}},"loc":{"start":{"line":24,"column":22},"end":{"line":24,"column":79}},"line":24}},"branchMap":{"0":{"loc":{"start":{"line":14,"column":16},"end":{"line":19,"column":17}},"type":"cond-expr","locations":[{"start":{"line":15,"column":16},"end":{"line":15,"column":90}},{"start":{"line":18,"column":20},"end":{"line":18,"column":75}}],"line":14}},"s":{"0":0,"1":0,"2":0,"3":0,"4":0,"5":0},"f":{"0":0,"1":0,"2":0},"b":{"0":[0,0]}}
,"C:\\Users\\Manas\\Desktop\\Btech\\web pr\\shopnrock\\client\\src\\components\\CartIcon\\carticon.component.jsx": {"path":"C:\\Users\\Manas\\Desktop\\Btech\\web pr\\shopnrock\\client\\src\\components\\CartIcon\\carticon.component.jsx","statementMap":{"0":{"start":{"line":8,"column":17},"end":{"line":13,"column":1}},"1":{"start":{"line":9,"column":4},"end":{"line":12,"column":10}},"2":{"start":{"line":15,"column":27},"end":{"line":17,"column":2}},"3":{"start":{"line":15,"column":40},"end":{"line":17,"column":1}},"4":{"start":{"line":16,"column":28},"end":{"line":16,"column":56}},"5":{"start":{"line":19,"column":24},"end":{"line":21,"column":2}}},"fnMap":{"0":{"name":"(anonymous_0)","decl":{"start":{"line":8,"column":17},"end":{"line":8,"column":18}},"loc":{"start":{"line":9,"column":4},"end":{"line":12,"column":10}},"line":9},"1":{"name":"(anonymous_1)","decl":{"start":{"line":15,"column":27},"end":{"line":15,"column":28}},"loc":{"start":{"line":15,"column":40},"end":{"line":17,"column":1}},"line":15},"2":{"name":"(anonymous_2)","decl":{"start":{"line":16,"column":22},"end":{"line":16,"column":23}},"loc":{"start":{"line":16,"column":28},"end":{"line":16,"column":56}},"line":16}},"branchMap":{},"s":{"0":0,"1":0,"2":0,"3":0,"4":0,"5":0},"f":{"0":0,"1":0,"2":0},"b":{}}
,"C:\\Users\\Manas\\Desktop\\Btech\\web pr\\shopnrock\\client\\src\\components\\CartItem\\cartitem.component.jsx": {"path":"C:\\Users\\Manas\\Desktop\\Btech\\web pr\\shopnrock\\client\\src\\components\\CartItem\\cartitem.component.jsx","statementMap":{"0":{"start":{"line":4,"column":17},"end":{"line":13,"column":1}},"1":{"start":{"line":5,"column":4},"end":{"line":12,"column":10}}},"fnMap":{"0":{"name":"(anonymous_0)","decl":{"start":{"line":4,"column":17},"end":{"line":4,"column":18}},"loc":{"start":{"line":5,"column":4},"end":{"line":12,"column":10}},"line":5}},"branchMap":{},"s":{"0":0,"1":0},"f":{"0":0},"b":{}}
,"C:\\Users\\Manas\\Desktop\\Btech\\web pr\\shopnrock\\client\\src\\components\\CheckoutItem\\checkoutitem.component.jsx": {"path":"C:\\Users\\Manas\\Desktop\\Btech\\web pr\\shopnrock\\client\\src\\components\\CheckoutItem\\checkoutitem.component.jsx","statementMap":{"0":{"start":{"line":5,"column":28},"end":{"line":26,"column":1}},"1":{"start":{"line":6,"column":43},"end":{"line":6,"column":51}},"2":{"start":{"line":7,"column":4},"end":{"line":25,"column":6}},"3":{"start":{"line":14,"column":50},"end":{"line":14,"column":70}},"4":{"start":{"line":18,"column":46},"end":{"line":18,"column":63}},"5":{"start":{"line":23,"column":49},"end":{"line":23,"column":68}},"6":{"start":{"line":28,"column":27},"end":{"line":32,"column":2}},"7":{"start":{"line":28,"column":40},"end":{"line":32,"column":1}},"8":{"start":{"line":29,"column":24},"end":{"line":29,"column":49}},"9":{"start":{"line":30,"column":22},"end":{"line":30,"column":45}},"10":{"start":{"line":31,"column":25},"end":{"line":31,"column":51}}},"fnMap":{"0":{"name":"(anonymous_0)","decl":{"start":{"line":5,"column":28},"end":{"line":5,"column":29}},"loc":{"start":{"line":5,"column":73},"end":{"line":26,"column":1}},"line":5},"1":{"name":"(anonymous_1)","decl":{"start":{"line":14,"column":44},"end":{"line":14,"column":45}},"loc":{"start":{"line":14,"column":50},"end":{"line":14,"column":70}},"line":14},"2":{"name":"(anonymous_2)","decl":{"start":{"line":18,"column":40},"end":{"line":18,"column":41}},"loc":{"start":{"line":18,"column":46},"end":{"line":18,"column":63}},"line":18},"3":{"name":"(anonymous_3)","decl":{"start":{"line":23,"column":44},"end":{"line":23,"column":45}},"loc":{"start":{"line":23,"column":49},"end":{"line":23,"column":68}},"line":23},"4":{"name":"(anonymous_4)","decl":{"start":{"line":28,"column":27},"end":{"line":28,"column":28}},"loc":{"start":{"line":28,"column":40},"end":{"line":32,"column":1}},"line":28},"5":{"name":"(anonymous_5)","decl":{"start":{"line":29,"column":16},"end":{"line":29,"column":17}},"loc":{"start":{"line":29,"column":24},"end":{"line":29,"column":49}},"line":29},"6":{"name":"(anonymous_6)","decl":{"start":{"line":30,"column":14},"end":{"line":30,"column":15}},"loc":{"start":{"line":30,"column":22},"end":{"line":30,"column":45}},"line":30},"7":{"name":"(anonymous_7)","decl":{"start":{"line":31,"column":17},"end":{"line":31,"column":18}},"loc":{"start":{"line":31,"column":25},"end":{"line":31,"column":51}},"line":31}},"branchMap":{},"s":{"0":0,"1":0,"2":0,"3":0,"4":0,"5":0,"6":0,"7":0,"8":0,"9":0,"10":0},"f":{"0":0,"1":0,"2":0,"3":0,"4":0,"5":0,"6":0,"7":0},"b":{}}
,"C:\\Users\\Manas\\Desktop\\Btech\\web pr\\shopnrock\\client\\src\\components\\CollectionItem\\collectionitem.component.jsx": {"path":"C:\\Users\\Manas\\Desktop\\Btech\\web pr\\shopnrock\\client\\src\\components\\CollectionItem\\collectionitem.component.jsx","statementMap":{"0":{"start":{"line":6,"column":30},"end":{"line":18,"column":1}},"1":{"start":{"line":7,"column":32},"end":{"line":7,"column":36}},"2":{"start":{"line":8,"column":4},"end":{"line":17,"column":5}},"3":{"start":{"line":15,"column":31},"end":{"line":15,"column":44}},"4":{"start":{"line":20,"column":27},"end":{"line":22,"column":2}},"5":{"start":{"line":20,"column":40},"end":{"line":22,"column":1}},"6":{"start":{"line":21,"column":22},"end":{"line":21,"column":45}}},"fnMap":{"0":{"name":"(anonymous_0)","decl":{"start":{"line":6,"column":30},"end":{"line":6,"column":31}},"loc":{"start":{"line":6,"column":50},"end":{"line":18,"column":1}},"line":6},"1":{"name":"(anonymous_1)","decl":{"start":{"line":15,"column":26},"end":{"line":15,"column":27}},"loc":{"start":{"line":15,"column":31},"end":{"line":15,"column":44}},"line":15},"2":{"name":"(anonymous_2)","decl":{"start":{"line":20,"column":27},"end":{"line":20,"column":28}},"loc":{"start":{"line":20,"column":40},"end":{"line":22,"column":1}},"line":20},"3":{"name":"(anonymous_3)","decl":{"start":{"line":21,"column":14},"end":{"line":21,"column":15}},"loc":{"start":{"line":21,"column":22},"end":{"line":21,"column":45}},"line":21}},"branchMap":{},"s":{"0":0,"1":0,"2":0,"3":0,"4":0,"5":0,"6":0},"f":{"0":0,"1":0,"2":0,"3":0},"b":{}}
,"C:\\Users\\Manas\\Desktop\\Btech\\web pr\\shopnrock\\client\\src\\components\\CollectionOverview\\collectionoverview.component.jsx": {"path":"C:\\Users\\Manas\\Desktop\\Btech\\web pr\\shopnrock\\client\\src\\components\\CollectionOverview\\collectionoverview.component.jsx","statementMap":{"0":{"start":{"line":8,"column":27},"end":{"line":15,"column":1}},"1":{"start":{"line":9,"column":4},"end":{"line":14,"column":10}},"2":{"start":{"line":11,"column":10},"end":{"line":12,"column":30}},"3":{"start":{"line":17,"column":24},"end":{"line":19,"column":2}}},"fnMap":{"0":{"name":"(anonymous_0)","decl":{"start":{"line":8,"column":27},"end":{"line":8,"column":28}},"loc":{"start":{"line":9,"column":4},"end":{"line":14,"column":10}},"line":9},"1":{"name":"(anonymous_1)","decl":{"start":{"line":10,"column":27},"end":{"line":10,"column":28}},"loc":{"start":{"line":11,"column":10},"end":{"line":12,"column":30}},"line":11}},"branchMap":{},"s":{"0":0,"1":0,"2":0,"3":0},"f":{"0":0,"1":0},"b":{}}
,"C:\\Users\\Manas\\Desktop\\Btech\\web pr\\shopnrock\\client\\src\\components\\CollectionOverview\\collectionoverview.container.jsx": {"path":"C:\\Users\\Manas\\Desktop\\Btech\\web pr\\shopnrock\\client\\src\\components\\CollectionOverview\\collectionoverview.container.jsx","statementMap":{"0":{"start":{"line":10,"column":24},"end":{"line":12,"column":2}},"1":{"start":{"line":14,"column":36},"end":{"line":16,"column":21}}},"fnMap":{},"branchMap":{},"s":{"0":0,"1":0},"f":{},"b":{}}
,"C:\\Users\\Manas\\Desktop\\Btech\\web pr\\shopnrock\\client\\src\\components\\CollectionPreview\\collectionpreview.component.jsx": {"path":"C:\\Users\\Manas\\Desktop\\Btech\\web pr\\shopnrock\\client\\src\\components\\CollectionPreview\\collectionpreview.component.jsx","statementMap":{"0":{"start":{"line":5,"column":26},"end":{"line":15,"column":1}},"1":{"start":{"line":6,"column":4},"end":{"line":14,"column":10}},"2":{"start":{"line":9,"column":38},"end":{"line":9,"column":42}},"3":{"start":{"line":10,"column":16},"end":{"line":11,"column":33}}},"fnMap":{"0":{"name":"(anonymous_0)","decl":{"start":{"line":5,"column":26},"end":{"line":5,"column":27}},"loc":{"start":{"line":6,"column":4},"end":{"line":14,"column":10}},"line":6},"1":{"name":"(anonymous_1)","decl":{"start":{"line":9,"column":26},"end":{"line":9,"column":27}},"loc":{"start":{"line":9,"column":38},"end":{"line":9,"column":42}},"line":9},"2":{"name":"(anonymous_2)","decl":{"start":{"line":9,"column":49},"end":{"line":9,"column":50}},"loc":{"start":{"line":10,"column":16},"end":{"line":11,"column":33}},"line":10}},"branchMap":{},"s":{"0":0,"1":0,"2":0,"3":0},"f":{"0":0,"1":0,"2":0},"b":{}}
,"C:\\Users\\Manas\\Desktop\\Btech\\web pr\\shopnrock\\client\\src\\components\\DButton\\dbutton.component.jsx": {"path":"C:\\Users\\Manas\\Desktop\\Btech\\web pr\\shopnrock\\client\\src\\components\\DButton\\dbutton.component.jsx","statementMap":{"0":{"start":{"line":3,"column":16},"end":{"line":7,"column":1}},"1":{"start":{"line":4,"column":4},"end":{"line":6,"column":13}}},"fnMap":{"0":{"name":"(anonymous_0)","decl":{"start":{"line":3,"column":16},"end":{"line":3,"column":17}},"loc":{"start":{"line":4,"column":4},"end":{"line":6,"column":13}},"line":4}},"branchMap":{"0":{"loc":{"start":{"line":4,"column":42},"end":{"line":4,"column":64}},"type":"cond-expr","locations":[{"start":{"line":4,"column":51},"end":{"line":4,"column":61}},{"start":{"line":4,"column":62},"end":{"line":4,"column":64}}],"line":4},"1":{"loc":{"start":{"line":4,"column":69},"end":{"line":4,"column":95}},"type":"cond-expr","locations":[{"start":{"line":4,"column":76},"end":{"line":4,"column":92}},{"start":{"line":4,"column":93},"end":{"line":4,"column":95}}],"line":4}},"s":{"0":0,"1":0},"f":{"0":0},"b":{"0":[0,0],"1":[0,0]}}
,"C:\\Users\\Manas\\Desktop\\Btech\\web pr\\shopnrock\\client\\src\\components\\ErrorBoundary\\error.component.jsx": {"path":"C:\\Users\\Manas\\Desktop\\Btech\\web pr\\shopnrock\\client\\src\\components\\ErrorBoundary\\error.component.jsx","statementMap":{"0":{"start":{"line":7,"column":8},"end":{"line":7,"column":16}},"1":{"start":{"line":8,"column":8},"end":{"line":10,"column":10}},"2":{"start":{"line":14,"column":8},"end":{"line":14,"column":31}},"3":{"start":{"line":22,"column":8},"end":{"line":28,"column":9}},"4":{"start":{"line":23,"column":9},"end":{"line":27,"column":10}},"5":{"start":{"line":29,"column":8},"end":{"line":29,"column":35}}},"fnMap":{"0":{"name":"(anonymous_0)","decl":{"start":{"line":6,"column":4},"end":{"line":6,"column":5}},"loc":{"start":{"line":6,"column":17},"end":{"line":11,"column":5}},"line":6},"1":{"name":"(anonymous_1)","decl":{"start":{"line":13,"column":4},"end":{"line":13,"column":5}},"loc":{"start":{"line":13,"column":42},"end":{"line":15,"column":5}},"line":13},"2":{"name":"(anonymous_2)","decl":{"start":{"line":17,"column":4},"end":{"line":17,"column":5}},"loc":{"start":{"line":17,"column":33},"end":{"line":19,"column":5}},"line":17},"3":{"name":"(anonymous_3)","decl":{"start":{"line":21,"column":4},"end":{"line":21,"column":5}},"loc":{"start":{"line":21,"column":12},"end":{"line":31,"column":5}},"line":21}},"branchMap":{"0":{"loc":{"start":{"line":22,"column":8},"end":{"line":28,"column":9}},"type":"if","locations":[{"start":{"line":22,"column":8},"end":{"line":28,"column":9}},{"start":{"line":22,"column":8},"end":{"line":28,"column":9}}],"line":22}},"s":{"0":0,"1":0,"2":0,"3":0,"4":0,"5":0},"f":{"0":0,"1":0,"2":0,"3":0},"b":{"0":[0,0]}}
,"C:\\Users\\Manas\\Desktop\\Btech\\web pr\\shopnrock\\client\\src\\components\\ErrorBoundary\\error.styles.js": {"path":"C:\\Users\\Manas\\Desktop\\Btech\\web pr\\shopnrock\\client\\src\\components\\ErrorBoundary\\error.styles.js","statementMap":{"0":{"start":{"line":3,"column":33},"end":{"line":10,"column":1}},"1":{"start":{"line":12,"column":35},"end":{"line":19,"column":1}},"2":{"start":{"line":14,"column":40},"end":{"line":14,"column":58}},"3":{"start":{"line":21,"column":30},"end":{"line":24,"column":1}}},"fnMap":{"0":{"name":"(anonymous_0)","decl":{"start":{"line":14,"column":22},"end":{"line":14,"column":23}},"loc":{"start":{"line":14,"column":40},"end":{"line":14,"column":58}},"line":14}},"branchMap":{},"s":{"0":0,"1":0,"2":0,"3":0},"f":{"0":0},"b":{}}
,"C:\\Users\\Manas\\Desktop\\Btech\\web pr\\shopnrock\\client\\src\\components\\FormInput\\forminput.component.jsx": {"path":"C:\\Users\\Manas\\Desktop\\Btech\\web pr\\shopnrock\\client\\src\\components\\FormInput\\forminput.component.jsx","statementMap":{"0":{"start":{"line":5,"column":18},"end":{"line":19,"column":1}},"1":{"start":{"line":6,"column":4},"end":{"line":18,"column":10}}},"fnMap":{"0":{"name":"(anonymous_0)","decl":{"start":{"line":5,"column":18},"end":{"line":5,"column":19}},"loc":{"start":{"line":6,"column":4},"end":{"line":18,"column":10}},"line":6}},"branchMap":{"0":{"loc":{"start":{"line":12,"column":12},"end":{"line":16,"column":14}},"type":"cond-expr","locations":[{"start":{"line":13,"column":12},"end":{"line":15,"column":20}},{"start":{"line":16,"column":10},"end":{"line":16,"column":14}}],"line":12},"1":{"loc":{"start":{"line":13,"column":33},"end":{"line":13,"column":68}},"type":"cond-expr","locations":[{"start":{"line":13,"column":57},"end":{"line":13,"column":65}},{"start":{"line":13,"column":66},"end":{"line":13,"column":68}}],"line":13}},"s":{"0":0,"1":0},"f":{"0":0},"b":{"0":[0,0],"1":[0,0]}}
,"C:\\Users\\Manas\\Desktop\\Btech\\web pr\\shopnrock\\client\\src\\components\\Header\\header.component.jsx": {"path":"C:\\Users\\Manas\\Desktop\\Btech\\web pr\\shopnrock\\client\\src\\components\\Header\\header.component.jsx","statementMap":{"0":{"start":{"line":14,"column":15},"end":{"line":37,"column":1}},"1":{"start":{"line":15,"column":4},"end":{"line":36,"column":10}},"2":{"start":{"line":38,"column":24},"end":{"line":41,"column":2}},"3":{"start":{"line":43,"column":27},"end":{"line":45,"column":2}},"4":{"start":{"line":43,"column":40},"end":{"line":45,"column":1}},"5":{"start":{"line":44,"column":25},"end":{"line":44,"column":49}}},"fnMap":{"0":{"name":"(anonymous_0)","decl":{"start":{"line":14,"column":15},"end":{"line":14,"column":16}},"loc":{"start":{"line":15,"column":4},"end":{"line":36,"column":10}},"line":15},"1":{"name":"(anonymous_1)","decl":{"start":{"line":43,"column":27},"end":{"line":43,"column":28}},"loc":{"start":{"line":43,"column":40},"end":{"line":45,"column":1}},"line":43},"2":{"name":"(anonymous_2)","decl":{"start":{"line":44,"column":19},"end":{"line":44,"column":20}},"loc":{"start":{"line":44,"column":25},"end":{"line":44,"column":49}},"line":44}},"branchMap":{"0":{"loc":{"start":{"line":24,"column":16},"end":{"line":27,"column":69}},"type":"cond-expr","locations":[{"start":{"line":25,"column":12},"end":{"line":25,"column":81}},{"start":{"line":27,"column":16},"end":{"line":27,"column":68}}],"line":24},"1":{"loc":{"start":{"line":33,"column":12},"end":{"line":33,"column":48}},"type":"cond-expr","locations":[{"start":{"line":33,"column":20},"end":{"line":33,"column":24}},{"start":{"line":33,"column":27},"end":{"line":33,"column":48}}],"line":33}},"s":{"0":0,"1":0,"2":0,"3":0,"4":0,"5":0},"f":{"0":0,"1":0,"2":0},"b":{"0":[0,0],"1":[0,0]}}
,"C:\\Users\\Manas\\Desktop\\Btech\\web pr\\shopnrock\\client\\src\\components\\Loader\\withloader.component.jsx": {"path":"C:\\Users\\Manas\\Desktop\\Btech\\web pr\\shopnrock\\client\\src\\components\\Loader\\withloader.component.jsx","statementMap":{"0":{"start":{"line":4,"column":19},"end":{"line":15,"column":1}},"1":{"start":{"line":5,"column":20},"end":{"line":13,"column":5}},"2":{"start":{"line":6,"column":8},"end":{"line":12,"column":11}},"3":{"start":{"line":14,"column":4},"end":{"line":14,"column":19}}},"fnMap":{"0":{"name":"(anonymous_0)","decl":{"start":{"line":4,"column":19},"end":{"line":4,"column":20}},"loc":{"start":{"line":4,"column":39},"end":{"line":15,"column":1}},"line":4},"1":{"name":"(anonymous_1)","decl":{"start":{"line":5,"column":20},"end":{"line":5,"column":21}},"loc":{"start":{"line":5,"column":51},"end":{"line":13,"column":5}},"line":5}},"branchMap":{"0":{"loc":{"start":{"line":6,"column":15},"end":{"line":12,"column":10}},"type":"cond-expr","locations":[{"start":{"line":7,"column":12},"end":{"line":9,"column":29}},{"start":{"line":11,"column":13},"end":{"line":11,"column":66}}],"line":6}},"s":{"0":0,"1":0,"2":0,"3":0},"f":{"0":0,"1":0},"b":{"0":[0,0]}}
,"C:\\Users\\Manas\\Desktop\\Btech\\web pr\\shopnrock\\client\\src\\components\\Loader\\withloader.styles.js": {"path":"C:\\Users\\Manas\\Desktop\\Btech\\web pr\\shopnrock\\client\\src\\components\\Loader\\withloader.styles.js","statementMap":{"0":{"start":{"line":3,"column":30},"end":{"line":9,"column":1}},"1":{"start":{"line":11,"column":32},"end":{"line":30,"column":1}}},"fnMap":{},"branchMap":{},"s":{"0":0,"1":0},"f":{},"b":{}}
,"C:\\Users\\Manas\\Desktop\\Btech\\web pr\\shopnrock\\client\\src\\components\\SignIn\\signin.component.jsx": {"path":"C:\\Users\\Manas\\Desktop\\Btech\\web pr\\shopnrock\\client\\src\\components\\SignIn\\signin.component.jsx","statementMap":{"0":{"start":{"line":8,"column":15},"end":{"line":34,"column":5}},"1":{"start":{"line":9,"column":23},"end":{"line":9,"column":55}},"2":{"start":{"line":10,"column":24},"end":{"line":10,"column":28}},"3":{"start":{"line":11,"column":19},"end":{"line":14,"column":1}},"4":{"start":{"line":12,"column":4},"end":{"line":12,"column":27}},"5":{"start":{"line":13,"column":4},"end":{"line":13,"column":37}},"6":{"start":{"line":16,"column":23},"end":{"line":19,"column":2}},"7":{"start":{"line":17,"column":26},"end":{"line":17,"column":38}},"8":{"start":{"line":18,"column":5},"end":{"line":18,"column":37}},"9":{"start":{"line":21,"column":8},"end":{"line":33,"column":9}},"10":{"start":{"line":37,"column":27},"end":{"line":40,"column":2}},"11":{"start":{"line":37,"column":40},"end":{"line":40,"column":1}},"12":{"start":{"line":38,"column":30},"end":{"line":38,"column":59}},"13":{"start":{"line":39,"column":43},"end":{"line":39,"column":87}}},"fnMap":{"0":{"name":"(anonymous_0)","decl":{"start":{"line":8,"column":15},"end":{"line":8,"column":16}},"loc":{"start":{"line":8,"column":57},"end":{"line":34,"column":5}},"line":8},"1":{"name":"(anonymous_1)","decl":{"start":{"line":11,"column":19},"end":{"line":11,"column":20}},"loc":{"start":{"line":11,"column":34},"end":{"line":14,"column":1}},"line":11},"2":{"name":"(anonymous_2)","decl":{"start":{"line":16,"column":23},"end":{"line":16,"column":24}},"loc":{"start":{"line":16,"column":34},"end":{"line":19,"column":2}},"line":16},"3":{"name":"(anonymous_3)","decl":{"start":{"line":37,"column":27},"end":{"line":37,"column":28}},"loc":{"start":{"line":37,"column":40},"end":{"line":40,"column":1}},"line":37},"4":{"name":"(anonymous_4)","decl":{"start":{"line":38,"column":24},"end":{"line":38,"column":25}},"loc":{"start":{"line":38,"column":30},"end":{"line":38,"column":59}},"line":38},"5":{"name":"(anonymous_5)","decl":{"start":{"line":39,"column":23},"end":{"line":39,"column":24}},"loc":{"start":{"line":39,"column":43},"end":{"line":39,"column":87}},"line":39}},"branchMap":{},"s":{"0":0,"1":0,"2":0,"3":0,"4":0,"5":0,"6":0,"7":0,"8":0,"9":0,"10":0,"11":0,"12":0,"13":0},"f":{"0":0,"1":0,"2":0,"3":0,"4":0,"5":0},"b":{}}
,"C:\\Users\\Manas\\Desktop\\Btech\\web pr\\shopnrock\\client\\src\\components\\SignUp\\signup.component.jsx": {"path":"C:\\Users\\Manas\\Desktop\\Btech\\web pr\\shopnrock\\client\\src\\components\\SignUp\\signup.component.jsx","statementMap":{"0":{"start":{"line":8,"column":15},"end":{"line":42,"column":1}},"1":{"start":{"line":9,"column":24},"end":{"line":9,"column":90}},"2":{"start":{"line":10,"column":54},"end":{"line":10,"column":58}},"3":{"start":{"line":11,"column":24},"end":{"line":14,"column":5}},"4":{"start":{"line":12,"column":27},"end":{"line":12,"column":39}},"5":{"start":{"line":13,"column":8},"end":{"line":13,"column":40}},"6":{"start":{"line":15,"column":24},"end":{"line":24,"column":5}},"7":{"start":{"line":16,"column":8},"end":{"line":16,"column":31}},"8":{"start":{"line":18,"column":8},"end":{"line":20,"column":9}},"9":{"start":{"line":19,"column":12},"end":{"line":19,"column":19}},"10":{"start":{"line":22,"column":7},"end":{"line":22,"column":47}},"11":{"start":{"line":27,"column":8},"end":{"line":40,"column":9}},"12":{"start":{"line":44,"column":27},"end":{"line":46,"column":2}},"13":{"start":{"line":44,"column":40},"end":{"line":46,"column":1}},"14":{"start":{"line":45,"column":50},"end":{"line":45,"column":101}}},"fnMap":{"0":{"name":"(anonymous_0)","decl":{"start":{"line":8,"column":15},"end":{"line":8,"column":16}},"loc":{"start":{"line":8,"column":34},"end":{"line":42,"column":1}},"line":8},"1":{"name":"(anonymous_1)","decl":{"start":{"line":11,"column":24},"end":{"line":11,"column":25}},"loc":{"start":{"line":11,"column":35},"end":{"line":14,"column":5}},"line":11},"2":{"name":"(anonymous_2)","decl":{"start":{"line":15,"column":24},"end":{"line":15,"column":25}},"loc":{"start":{"line":15,"column":39},"end":{"line":24,"column":5}},"line":15},"3":{"name":"(anonymous_3)","decl":{"start":{"line":44,"column":27},"end":{"line":44,"column":28}},"loc":{"start":{"line":44,"column":40},"end":{"line":46,"column":1}},"line":44},"4":{"name":"(anonymous_4)","decl":{"start":{"line":45,"column":18},"end":{"line":45,"column":19}},"loc":{"start":{"line":45,"column":50},"end":{"line":45,"column":101}},"line":45}},"branchMap":{"0":{"loc":{"start":{"line":18,"column":8},"end":{"line":20,"column":9}},"type":"if","locations":[{"start":{"line":18,"column":8},"end":{"line":20,"column":9}},{"start":{"line":18,"column":8},"end":{"line":20,"column":9}}],"line":18}},"s":{"0":0,"1":0,"2":0,"3":0,"4":0,"5":0,"6":0,"7":0,"8":0,"9":0,"10":0,"11":0,"12":0,"13":0,"14":0},"f":{"0":0,"1":0,"2":0,"3":0,"4":0},"b":{"0":[0,0]}}
,"C:\\Users\\Manas\\Desktop\\Btech\\web pr\\shopnrock\\client\\src\\components\\Spinner\\spinner.component.jsx": {"path":"C:\\Users\\Manas\\Desktop\\Btech\\web pr\\shopnrock\\client\\src\\components\\Spinner\\spinner.component.jsx","statementMap":{"0":{"start":{"line":5,"column":20},"end":{"line":11,"column":5}},"1":{"start":{"line":7,"column":12},"end":{"line":9,"column":29}}},"fnMap":{"0":{"name":"(anonymous_0)","decl":{"start":{"line":5,"column":20},"end":{"line":5,"column":21}},"loc":{"start":{"line":7,"column":12},"end":{"line":9,"column":29}},"line":7}},"branchMap":{},"s":{"0":0,"1":0},"f":{"0":0},"b":{}}
,"C:\\Users\\Manas\\Desktop\\Btech\\web pr\\shopnrock\\client\\src\\components\\Spinner\\withloader.styles.js": {"path":"C:\\Users\\Manas\\Desktop\\Btech\\web pr\\shopnrock\\client\\src\\components\\Spinner\\withloader.styles.js","statementMap":{"0":{"start":{"line":3,"column":30},"end":{"line":9,"column":1}},"1":{"start":{"line":11,"column":32},"end":{"line":30,"column":1}}},"fnMap":{},"branchMap":{},"s":{"0":0,"1":0},"f":{},"b":{}}
,"C:\\Users\\Manas\\Desktop\\Btech\\web pr\\shopnrock\\client\\src\\components\\StripeButton\\stripebutton.component.jsx": {"path":"C:\\Users\\Manas\\Desktop\\Btech\\web pr\\shopnrock\\client\\src\\components\\StripeButton\\stripebutton.component.jsx","statementMap":{"0":{"start":{"line":4,"column":21},"end":{"line":28,"column":1}},"1":{"start":{"line":5,"column":22},"end":{"line":5,"column":131}},"2":{"start":{"line":6,"column":20},"end":{"line":6,"column":29}},"3":{"start":{"line":7,"column":20},"end":{"line":21,"column":5}},"4":{"start":{"line":8,"column":8},"end":{"line":20,"column":11}},"5":{"start":{"line":16,"column":12},"end":{"line":16,"column":40}},"6":{"start":{"line":18,"column":12},"end":{"line":18,"column":31}},"7":{"start":{"line":19,"column":12},"end":{"line":19,"column":34}},"8":{"start":{"line":22,"column":4},"end":{"line":27,"column":6}}},"fnMap":{"0":{"name":"(anonymous_0)","decl":{"start":{"line":4,"column":21},"end":{"line":4,"column":22}},"loc":{"start":{"line":4,"column":34},"end":{"line":28,"column":1}},"line":4},"1":{"name":"(anonymous_1)","decl":{"start":{"line":7,"column":20},"end":{"line":7,"column":21}},"loc":{"start":{"line":7,"column":29},"end":{"line":21,"column":5}},"line":7},"2":{"name":"(anonymous_2)","decl":{"start":{"line":15,"column":16},"end":{"line":15,"column":17}},"loc":{"start":{"line":15,"column":28},"end":{"line":17,"column":9}},"line":15},"3":{"name":"(anonymous_3)","decl":{"start":{"line":17,"column":17},"end":{"line":17,"column":18}},"loc":{"start":{"line":17,"column":24},"end":{"line":20,"column":9}},"line":17}},"branchMap":{},"s":{"0":0,"1":0,"2":0,"3":0,"4":0,"5":0,"6":0,"7":0,"8":0},"f":{"0":0,"1":0,"2":0,"3":0},"b":{}}
,"C:\\Users\\Manas\\Desktop\\Btech\\web pr\\shopnrock\\client\\src\\components\\directory\\directory.component.jsx": {"path":"C:\\Users\\Manas\\Desktop\\Btech\\web pr\\shopnrock\\client\\src\\components\\directory\\directory.component.jsx","statementMap":{"0":{"start":{"line":7,"column":17},"end":{"line":20,"column":15}},"1":{"start":{"line":10,"column":9},"end":{"line":19,"column":10}},"2":{"start":{"line":14,"column":24},"end":{"line":14,"column":69}},"3":{"start":{"line":22,"column":24},"end":{"line":24,"column":2}}},"fnMap":{"0":{"name":"(anonymous_0)","decl":{"start":{"line":7,"column":17},"end":{"line":7,"column":18}},"loc":{"start":{"line":7,"column":33},"end":{"line":20,"column":15}},"line":7},"1":{"name":"(anonymous_1)","decl":{"start":{"line":13,"column":33},"end":{"line":13,"column":34}},"loc":{"start":{"line":14,"column":24},"end":{"line":14,"column":69}},"line":14}},"branchMap":{},"s":{"0":0,"1":0,"2":0,"3":0},"f":{"0":0,"1":0},"b":{}}
,"C:\\Users\\Manas\\Desktop\\Btech\\web pr\\shopnrock\\client\\src\\components\\menu-item\\menu-item.component.jsx": {"path":"C:\\Users\\Manas\\Desktop\\Btech\\web pr\\shopnrock\\client\\src\\components\\menu-item\\menu-item.component.jsx","statementMap":{"0":{"start":{"line":4,"column":18},"end":{"line":14,"column":2}},"1":{"start":{"line":5,"column":4},"end":{"line":13,"column":6}},"2":{"start":{"line":5,"column":56},"end":{"line":5,"column":94}}},"fnMap":{"0":{"name":"(anonymous_0)","decl":{"start":{"line":4,"column":18},"end":{"line":4,"column":19}},"loc":{"start":{"line":5,"column":4},"end":{"line":13,"column":6}},"line":5},"1":{"name":"(anonymous_1)","decl":{"start":{"line":5,"column":52},"end":{"line":5,"column":53}},"loc":{"start":{"line":5,"column":56},"end":{"line":5,"column":94}},"line":5}},"branchMap":{},"s":{"0":0,"1":0,"2":0},"f":{"0":0,"1":0},"b":{}}
,"C:\\Users\\Manas\\Desktop\\Btech\\web pr\\shopnrock\\client\\src\\pages\\Checkout\\checkout.component.js": {"path":"C:\\Users\\Manas\\Desktop\\Btech\\web pr\\shopnrock\\client\\src\\pages\\Checkout\\checkout.component.js","statementMap":{"0":{"start":{"line":10,"column":17},"end":{"line":38,"column":1}},"1":{"start":{"line":11,"column":4},"end":{"line":35,"column":10}},"2":{"start":{"line":12,"column":31},"end":{"line":12,"column":42}},"3":{"start":{"line":32,"column":23},"end":{"line":32,"column":81}},"4":{"start":{"line":39,"column":24},"end":{"line":42,"column":2}},"5":{"start":{"line":44,"column":27},"end":{"line":46,"column":2}},"6":{"start":{"line":44,"column":40},"end":{"line":46,"column":1}},"7":{"start":{"line":45,"column":22},"end":{"line":45,"column":43}}},"fnMap":{"0":{"name":"(anonymous_0)","decl":{"start":{"line":10,"column":17},"end":{"line":10,"column":18}},"loc":{"start":{"line":11,"column":4},"end":{"line":35,"column":10}},"line":11},"1":{"name":"(anonymous_1)","decl":{"start":{"line":12,"column":26},"end":{"line":12,"column":27}},"loc":{"start":{"line":12,"column":31},"end":{"line":12,"column":42}},"line":12},"2":{"name":"(anonymous_2)","decl":{"start":{"line":32,"column":15},"end":{"line":32,"column":16}},"loc":{"start":{"line":32,"column":23},"end":{"line":32,"column":81}},"line":32},"3":{"name":"(anonymous_3)","decl":{"start":{"line":44,"column":27},"end":{"line":44,"column":28}},"loc":{"start":{"line":44,"column":40},"end":{"line":46,"column":1}},"line":44},"4":{"name":"(anonymous_4)","decl":{"start":{"line":45,"column":16},"end":{"line":45,"column":17}},"loc":{"start":{"line":45,"column":22},"end":{"line":45,"column":43}},"line":45}},"branchMap":{},"s":{"0":0,"1":0,"2":0,"3":0,"4":0,"5":0,"6":0,"7":0},"f":{"0":0,"1":0,"2":0,"3":0,"4":0},"b":{}}
,"C:\\Users\\Manas\\Desktop\\Btech\\web pr\\shopnrock\\client\\src\\pages\\Collections\\collection.component.jsx": {"path":"C:\\Users\\Manas\\Desktop\\Btech\\web pr\\shopnrock\\client\\src\\pages\\Collections\\collection.component.jsx","statementMap":{"0":{"start":{"line":7,"column":23},"end":{"line":16,"column":1}},"1":{"start":{"line":8,"column":23},"end":{"line":8,"column":33}},"2":{"start":{"line":9,"column":1},"end":{"line":15,"column":1}},"3":{"start":{"line":12,"column":36},"end":{"line":12,"column":95}},"4":{"start":{"line":18,"column":24},"end":{"line":20,"column":2}},"5":{"start":{"line":18,"column":45},"end":{"line":20,"column":1}}},"fnMap":{"0":{"name":"(anonymous_0)","decl":{"start":{"line":7,"column":23},"end":{"line":7,"column":24}},"loc":{"start":{"line":7,"column":41},"end":{"line":16,"column":1}},"line":7},"1":{"name":"(anonymous_1)","decl":{"start":{"line":12,"column":27},"end":{"line":12,"column":28}},"loc":{"start":{"line":12,"column":36},"end":{"line":12,"column":95}},"line":12},"2":{"name":"(anonymous_2)","decl":{"start":{"line":18,"column":24},"end":{"line":18,"column":25}},"loc":{"start":{"line":18,"column":45},"end":{"line":20,"column":1}},"line":18}},"branchMap":{},"s":{"0":0,"1":0,"2":0,"3":0,"4":0,"5":0},"f":{"0":0,"1":0,"2":0},"b":{}}
,"C:\\Users\\Manas\\Desktop\\Btech\\web pr\\shopnrock\\client\\src\\pages\\Collections\\collection.container.jsx": {"path":"C:\\Users\\Manas\\Desktop\\Btech\\web pr\\shopnrock\\client\\src\\pages\\Collections\\collection.container.jsx","statementMap":{"0":{"start":{"line":8,"column":24},"end":{"line":10,"column":2}},"1":{"start":{"line":9,"column":25},"end":{"line":9,"column":49}},"2":{"start":{"line":12,"column":32},"end":{"line":14,"column":17}}},"fnMap":{"0":{"name":"(anonymous_0)","decl":{"start":{"line":9,"column":16},"end":{"line":9,"column":17}},"loc":{"start":{"line":9,"column":25},"end":{"line":9,"column":49}},"line":9}},"branchMap":{},"s":{"0":0,"1":0,"2":0},"f":{"0":0},"b":{}}
,"C:\\Users\\Manas\\Desktop\\Btech\\web pr\\shopnrock\\client\\src\\pages\\LogIn\\login.component.jsx": {"path":"C:\\Users\\Manas\\Desktop\\Btech\\web pr\\shopnrock\\client\\src\\pages\\LogIn\\login.component.jsx","statementMap":{"0":{"start":{"line":6,"column":14},"end":{"line":13,"column":1}},"1":{"start":{"line":8,"column":2},"end":{"line":12,"column":3}}},"fnMap":{"0":{"name":"(anonymous_0)","decl":{"start":{"line":6,"column":14},"end":{"line":6,"column":15}},"loc":{"start":{"line":6,"column":20},"end":{"line":13,"column":1}},"line":6}},"branchMap":{},"s":{"0":0,"1":0},"f":{"0":0},"b":{}}
,"C:\\Users\\Manas\\Desktop\\Btech\\web pr\\shopnrock\\client\\src\\pages\\homepage\\homepage.component.jsx": {"path":"C:\\Users\\Manas\\Desktop\\Btech\\web pr\\shopnrock\\client\\src\\pages\\homepage\\homepage.component.jsx","statementMap":{"0":{"start":{"line":5,"column":17},"end":{"line":9,"column":1}},"1":{"start":{"line":6,"column":4},"end":{"line":8,"column":10}}},"fnMap":{"0":{"name":"(anonymous_0)","decl":{"start":{"line":5,"column":17},"end":{"line":5,"column":18}},"loc":{"start":{"line":6,"column":4},"end":{"line":8,"column":10}},"line":6}},"branchMap":{},"s":{"0":0,"1":0},"f":{"0":0},"b":{}}
,"C:\\Users\\Manas\\Desktop\\Btech\\web pr\\shopnrock\\client\\src\\pages\\shop-page\\shoppage.component.jsx": {"path":"C:\\Users\\Manas\\Desktop\\Btech\\web pr\\shopnrock\\client\\src\\pages\\shop-page\\shoppage.component.jsx","statementMap":{"0":{"start":{"line":15,"column":17},"end":{"line":28,"column":1}},"1":{"start":{"line":17,"column":2},"end":{"line":19,"column":4}},"2":{"start":{"line":18,"column":4},"end":{"line":18,"column":23}},"3":{"start":{"line":21,"column":8},"end":{"line":26,"column":10}},"4":{"start":{"line":32,"column":27},"end":{"line":34,"column":2}},"5":{"start":{"line":32,"column":40},"end":{"line":34,"column":1}},"6":{"start":{"line":33,"column":27},"end":{"line":33,"column":55}}},"fnMap":{"0":{"name":"(anonymous_0)","decl":{"start":{"line":15,"column":17},"end":{"line":15,"column":18}},"loc":{"start":{"line":15,"column":47},"end":{"line":28,"column":1}},"line":15},"1":{"name":"(anonymous_1)","decl":{"start":{"line":17,"column":12},"end":{"line":17,"column":13}},"loc":{"start":{"line":17,"column":16},"end":{"line":19,"column":3}},"line":17},"2":{"name":"(anonymous_2)","decl":{"start":{"line":32,"column":27},"end":{"line":32,"column":28}},"loc":{"start":{"line":32,"column":40},"end":{"line":34,"column":1}},"line":32},"3":{"name":"(anonymous_3)","decl":{"start":{"line":33,"column":21},"end":{"line":33,"column":22}},"loc":{"start":{"line":33,"column":27},"end":{"line":33,"column":55}},"line":33}},"branchMap":{},"s":{"0":0,"1":0,"2":0,"3":0,"4":0,"5":0,"6":0},"f":{"0":0,"1":0,"2":0,"3":0},"b":{}}
}
